<?xml version="1.0" encoding="UTF-8"?>
<testsuite xmlns:xsi="http://www.w3.org/2001/XMLSchema-instance" xsi:noNamespaceSchemaLocation="https://maven.apache.org/surefire/maven-surefire-plugin/xsd/surefire-test-report.xsd" version="3.0.2" name="com.duoc.backend.BackendApplicationTests" time="9.213" tests="2" errors="0" skipped="0" failures="0">
  <properties>
[...]
</properties>
  <testcase name="testGuardarDifusion" classname="com.duoc.backend.BackendApplicationTests" time="0.984">
    <system-out><![CDATA[02:24:54.336 [main] INFO org.springframework.test.context.support.AnnotationConfigContextLoaderUtils -- Could not detect default configuration classes for test class [com.duoc.backend.BackendApplicationTests]: BackendApplicationTests does not declare any static, non-private, non-final, nested classes annotated with @Configuration.
02:24:54.545 [main] INFO org.springframework.boot.test.context.SpringBootTestContextBootstrapper -- Found @SpringBootConfiguration com.duoc.backend.BackendApplication for test class com.duoc.backend.BackendApplicationTests

  .   ____          _            __ _ _
 /\\ / ___'_ __ _ _(_)_ __  __ _ \ \ \ \
( ( )\___ | '_ | '_| | '_ \/ _` | \ \ \ \
 \\/  ___)| |_)| | | | | || (_| |  ) ) ) )
  '  |____| .__|_| |_|_| |_\__, | / / / /
 =========|_|==============|___/=/_/_/_/

 :: Spring Boot ::                (v3.4.4)

2026-05-05T02:24:55.363-04:00  INFO 10252 --- [backend] [           main] c.duoc.backend.BackendApplicationTests   : Starting BackendApplicationTests using Java 17.0.12 with PID 10252 (started by alexs in C:\Users\alexs\Desktop\Proyecto\Microservicio1)
2026-05-05T02:24:55.366-04:00 DEBUG 10252 --- [backend] [           main] c.duoc.backend.BackendApplicationTests   : Running with Spring Boot v3.4.4, Spring v6.2.5
2026-05-05T02:24:55.368-04:00  INFO 10252 --- [backend] [           main] c.duoc.backend.BackendApplicationTests   : No active profile set, falling back to 1 default profile: "default"
2026-05-05T02:24:55.432-04:00 TRACE 10252 --- [backend] [           main] o.s.w.c.s.GenericWebApplicationContext   : Refreshing org.springframework.web.context.support.GenericWebApplicationContext@31be6b49, started on Tue May 05 02:24:55 CLT 2026
2026-05-05T02:24:56.338-04:00  INFO 10252 --- [backend] [           main] .s.d.r.c.RepositoryConfigurationDelegate : Bootstrapping Spring Data JPA repositories in DEFAULT mode.
2026-05-05T02:24:56.434-04:00  INFO 10252 --- [backend] [           main] .s.d.r.c.RepositoryConfigurationDelegate : Finished Spring Data repository scanning in 77 ms. Found 2 JPA repository interfaces.
2026-05-05T02:24:57.031-04:00 TRACE 10252 --- [backend] [           main] o.s.w.c.s.GenericWebApplicationContext   : No 'messageSource' bean, using [Empty MessageSource]
2026-05-05T02:24:57.031-04:00 TRACE 10252 --- [backend] [           main] o.s.w.c.s.GenericWebApplicationContext   : No 'applicationEventMulticaster' bean, using [SimpleApplicationEventMulticaster]
2026-05-05T02:24:57.071-04:00 DEBUG 10252 --- [backend] [           main] com.zaxxer.hikari.HikariConfig           : Driver class com.mysql.cj.jdbc.Driver found in Thread context class loader jdk.internal.loader.ClassLoaders$AppClassLoader@73d16e93
2026-05-05T02:24:57.336-04:00 DEBUG 10252 --- [backend] [           main] o.hibernate.jpa.internal.util.LogHelper  : PersistenceUnitInfo [
	name: default
	persistence provider classname: null
	classloader: jdk.internal.loader.ClassLoaders$AppClassLoader@73d16e93
	excludeUnlistedClasses: true
	JTA datasource: null
	Non JTA datasource: HikariDataSource (null)
	Transaction type: RESOURCE_LOCAL
	PU root URL: file:/C:/Users/alexs/Desktop/Proyecto/Microservicio1/target/test-classes/
	Shared Cache Mode: UNSPECIFIED
	Validation Mode: AUTO
	Jar files URLs []
	Managed classes names [
		com.duoc.backend.Difusion.Difusion
		com.duoc.backend.User]
	Mapping files names []
	Properties []
2026-05-05T02:24:57.349-04:00 DEBUG 10252 --- [backend] [           main] o.h.i.internal.IntegratorServiceImpl     : Adding Integrator [org.hibernate.boot.beanvalidation.BeanValidationIntegrator].
2026-05-05T02:24:57.353-04:00 DEBUG 10252 --- [backend] [           main] o.h.i.internal.IntegratorServiceImpl     : Adding Integrator [org.hibernate.cache.internal.CollectionCacheInvalidator].
2026-05-05T02:24:57.377-04:00 TRACE 10252 --- [backend] [           main] o.h.b.r.s.internal.StrategySelectorImpl  : Registering named strategy selector [org.hibernate.resource.transaction.spi.TransactionCoordinatorBuilder] : [jdbc] -> [org.hibernate.resource.transaction.backend.jdbc.internal.JdbcResourceLocalTransactionCoordinatorBuilderImpl]
2026-05-05T02:24:57.378-04:00 TRACE 10252 --- [backend] [           main] o.h.b.r.s.internal.StrategySelectorImpl  : Registering named strategy selector [org.hibernate.resource.transaction.spi.TransactionCoordinatorBuilder] : [jta] -> [org.hibernate.resource.transaction.backend.jta.internal.JtaTransactionCoordinatorBuilderImpl]
2026-05-05T02:24:57.379-04:00 TRACE 10252 --- [backend] [           main] o.h.b.r.s.internal.StrategySelectorImpl  : Registering named strategy selector [org.hibernate.resource.transaction.spi.TransactionCoordinatorBuilder] : [org.hibernate.transaction.JDBCTransactionFactory] -> [org.hibernate.resource.transaction.backend.jdbc.internal.JdbcResourceLocalTransactionCoordinatorBuilderImpl]
2026-05-05T02:24:57.379-04:00 TRACE 10252 --- [backend] [           main] o.h.b.r.s.internal.StrategySelectorImpl  : Registering named strategy selector [org.hibernate.resource.transaction.spi.TransactionCoordinatorBuilder] : [org.hibernate.transaction.JTATransactionFactory] -> [org.hibernate.resource.transaction.backend.jta.internal.JtaTransactionCoordinatorBuilderImpl]
2026-05-05T02:24:57.379-04:00 TRACE 10252 --- [backend] [           main] o.h.b.r.s.internal.StrategySelectorImpl  : Registering named strategy selector [org.hibernate.resource.transaction.spi.TransactionCoordinatorBuilder] : [org.hibernate.transaction.CMTTransactionFactory] -> [org.hibernate.resource.transaction.backend.jta.internal.JtaTransactionCoordinatorBuilderImpl]
2026-05-05T02:24:57.381-04:00 TRACE 10252 --- [backend] [           main] o.h.b.r.s.internal.StrategySelectorImpl  : Registering named strategy selector [org.hibernate.query.sqm.mutation.spi.SqmMultiTableInsertStrategy] : [cte] -> [org.hibernate.query.sqm.mutation.internal.cte.CteInsertStrategy]
2026-05-05T02:24:57.383-04:00 TRACE 10252 --- [backend] [           main] o.h.b.r.s.internal.StrategySelectorImpl  : Registering named strategy selector [org.hibernate.query.sqm.mutation.spi.SqmMultiTableInsertStrategy] : [global_temporary] -> [org.hibernate.query.sqm.mutation.internal.temptable.GlobalTemporaryTableInsertStrategy]
2026-05-05T02:24:57.384-04:00 TRACE 10252 --- [backend] [           main] o.h.b.r.s.internal.StrategySelectorImpl  : Registering named strategy selector [org.hibernate.query.sqm.mutation.spi.SqmMultiTableInsertStrategy] : [local_temporary] -> [org.hibernate.query.sqm.mutation.internal.temptable.LocalTemporaryTableInsertStrategy]
2026-05-05T02:24:57.386-04:00 TRACE 10252 --- [backend] [           main] o.h.b.r.s.internal.StrategySelectorImpl  : Registering named strategy selector [org.hibernate.query.sqm.mutation.spi.SqmMultiTableInsertStrategy] : [persistent] -> [org.hibernate.query.sqm.mutation.internal.temptable.PersistentTableInsertStrategy]
2026-05-05T02:24:57.387-04:00 TRACE 10252 --- [backend] [           main] o.h.b.r.s.internal.StrategySelectorImpl  : Registering named strategy selector [org.hibernate.query.sqm.mutation.spi.SqmMultiTableMutationStrategy] : [cte] -> [org.hibernate.query.sqm.mutation.internal.cte.CteMutationStrategy]
2026-05-05T02:24:57.387-04:00 TRACE 10252 --- [backend] [           main] o.h.b.r.s.internal.StrategySelectorImpl  : Registering named strategy selector [org.hibernate.query.sqm.mutation.spi.SqmMultiTableMutationStrategy] : [global_temporary] -> [org.hibernate.query.sqm.mutation.internal.temptable.GlobalTemporaryTableMutationStrategy]
2026-05-05T02:24:57.388-04:00 TRACE 10252 --- [backend] [           main] o.h.b.r.s.internal.StrategySelectorImpl  : Registering named strategy selector [org.hibernate.query.sqm.mutation.spi.SqmMultiTableMutationStrategy] : [local_temporary] -> [org.hibernate.query.sqm.mutation.internal.temptable.LocalTemporaryTableMutationStrategy]
2026-05-05T02:24:57.390-04:00 TRACE 10252 --- [backend] [           main] o.h.b.r.s.internal.StrategySelectorImpl  : Registering named strategy selector [org.hibernate.query.sqm.mutation.spi.SqmMultiTableMutationStrategy] : [persistent] -> [org.hibernate.query.sqm.mutation.internal.temptable.PersistentTableMutationStrategy]
2026-05-05T02:24:57.390-04:00 TRACE 10252 --- [backend] [           main] o.h.b.r.s.internal.StrategySelectorImpl  : Registering named strategy selector [org.hibernate.boot.model.naming.ImplicitNamingStrategy] : [default] -> [org.hibernate.boot.model.naming.ImplicitNamingStrategyJpaCompliantImpl]
2026-05-05T02:24:57.391-04:00 TRACE 10252 --- [backend] [           main] o.h.b.r.s.internal.StrategySelectorImpl  : Registering named strategy selector [org.hibernate.boot.model.naming.ImplicitNamingStrategy] : [jpa] -> [org.hibernate.boot.model.naming.ImplicitNamingStrategyJpaCompliantImpl]
2026-05-05T02:24:57.392-04:00 TRACE 10252 --- [backend] [           main] o.h.b.r.s.internal.StrategySelectorImpl  : Registering named strategy selector [org.hibernate.boot.model.naming.ImplicitNamingStrategy] : [legacy-jpa] -> [org.hibernate.boot.model.naming.ImplicitNamingStrategyLegacyJpaImpl]
2026-05-05T02:24:57.393-04:00 TRACE 10252 --- [backend] [           main] o.h.b.r.s.internal.StrategySelectorImpl  : Registering named strategy selector [org.hibernate.boot.model.naming.ImplicitNamingStrategy] : [legacy-hbm] -> [org.hibernate.boot.model.naming.ImplicitNamingStrategyLegacyHbmImpl]
2026-05-05T02:24:57.393-04:00 TRACE 10252 --- [backend] [           main] o.h.b.r.s.internal.StrategySelectorImpl  : Registering named strategy selector [org.hibernate.boot.model.naming.ImplicitNamingStrategy] : [component-path] -> [org.hibernate.boot.model.naming.ImplicitNamingStrategyComponentPathImpl]
2026-05-05T02:24:57.395-04:00 TRACE 10252 --- [backend] [           main] o.h.b.r.s.internal.StrategySelectorImpl  : Registering named strategy selector [org.hibernate.id.enhanced.ImplicitDatabaseObjectNamingStrategy] : [standard] -> [org.hibernate.id.enhanced.StandardNamingStrategy]
2026-05-05T02:24:57.395-04:00 TRACE 10252 --- [backend] [           main] o.h.b.r.s.internal.StrategySelectorImpl  : Registering named strategy selector [org.hibernate.id.enhanced.ImplicitDatabaseObjectNamingStrategy] : [single] -> [org.hibernate.id.enhanced.SingleNamingStrategy]
2026-05-05T02:24:57.396-04:00 TRACE 10252 --- [backend] [           main] o.h.b.r.s.internal.StrategySelectorImpl  : Registering named strategy selector [org.hibernate.id.enhanced.ImplicitDatabaseObjectNamingStrategy] : [legacy] -> [org.hibernate.id.enhanced.LegacyNamingStrategy]
2026-05-05T02:24:57.397-04:00 TRACE 10252 --- [backend] [           main] o.h.b.r.s.internal.StrategySelectorImpl  : Registering named strategy selector [org.hibernate.boot.model.relational.ColumnOrderingStrategy] : [default] -> [org.hibernate.boot.model.relational.ColumnOrderingStrategyStandard]
2026-05-05T02:24:57.398-04:00 TRACE 10252 --- [backend] [           main] o.h.b.r.s.internal.StrategySelectorImpl  : Registering named strategy selector [org.hibernate.boot.model.relational.ColumnOrderingStrategy] : [legacy] -> [org.hibernate.boot.model.relational.ColumnOrderingStrategyLegacy]
2026-05-05T02:24:57.399-04:00 TRACE 10252 --- [backend] [           main] o.h.b.r.s.internal.StrategySelectorImpl  : Registering named strategy selector [org.hibernate.cache.spi.CacheKeysFactory] : [default] -> [org.hibernate.cache.internal.DefaultCacheKeysFactory]
2026-05-05T02:24:57.400-04:00 TRACE 10252 --- [backend] [           main] o.h.b.r.s.internal.StrategySelectorImpl  : Registering named strategy selector [org.hibernate.cache.spi.CacheKeysFactory] : [simple] -> [org.hibernate.cache.internal.SimpleCacheKeysFactory]
2026-05-05T02:24:57.401-04:00 TRACE 10252 --- [backend] [           main] o.h.b.r.s.internal.StrategySelectorImpl  : Registering named strategy selector [org.hibernate.type.format.FormatMapper] : [jackson] -> [org.hibernate.type.format.jackson.JacksonJsonFormatMapper]
2026-05-05T02:24:57.402-04:00 TRACE 10252 --- [backend] [           main] o.h.b.r.s.internal.StrategySelectorImpl  : Registering named strategy selector [org.hibernate.type.format.FormatMapper] : [jsonb] -> [org.hibernate.type.format.jakartajson.JsonBJsonFormatMapper]
2026-05-05T02:24:57.403-04:00 TRACE 10252 --- [backend] [           main] o.h.b.r.s.internal.StrategySelectorImpl  : Registering named strategy selector [org.hibernate.type.format.FormatMapper] : [jackson-xml] -> [org.hibernate.type.format.jackson.JacksonXmlFormatMapper]
2026-05-05T02:24:57.404-04:00 TRACE 10252 --- [backend] [           main] o.h.b.r.s.internal.StrategySelectorImpl  : Registering named strategy selector [org.hibernate.type.format.FormatMapper] : [jaxb] -> [org.hibernate.type.format.jaxb.JaxbXmlFormatMapper]
2026-05-05T02:24:57.469-04:00  INFO 10252 --- [backend] [           main] org.hibernate.Version                    : HHH000412: Hibernate ORM core version 6.6.11.Final
2026-05-05T02:24:57.475-04:00 DEBUG 10252 --- [backend] [           main] org.hibernate.cfg.Environment            : HHH000206: 'hibernate.properties' not found
2026-05-05T02:24:57.518-04:00 TRACE 10252 --- [backend] [           main] o.h.s.i.AbstractServiceRegistryImpl      : Initializing service [role=org.hibernate.id.factory.IdentifierGeneratorFactory]
2026-05-05T02:24:57.521-04:00 TRACE 10252 --- [backend] [           main] o.h.s.i.AbstractServiceRegistryImpl      : Initializing service [role=org.hibernate.engine.config.spi.ConfigurationService]
2026-05-05T02:24:57.527-04:00 TRACE 10252 --- [backend] [           main] o.h.s.i.AbstractServiceRegistryImpl      : Initializing service [role=org.hibernate.resource.beans.spi.ManagedBeanRegistry]
2026-05-05T02:24:57.538-04:00 DEBUG 10252 --- [backend] [           main] org.hibernate.orm.idgen.factory          : Registering IdentifierGenerator strategy [uuid2] -> [org.hibernate.id.UUIDGenerator]
2026-05-05T02:24:57.539-04:00 DEBUG 10252 --- [backend] [           main] org.hibernate.orm.idgen.factory          : Registering IdentifierGenerator strategy [guid] -> [org.hibernate.id.GUIDGenerator]
2026-05-05T02:24:57.540-04:00 DEBUG 10252 --- [backend] [           main] org.hibernate.orm.idgen.factory          : Registering IdentifierGenerator strategy [uuid] -> [org.hibernate.id.UUIDHexGenerator]
2026-05-05T02:24:57.541-04:00 DEBUG 10252 --- [backend] [           main] org.hibernate.orm.idgen.factory          : Registering IdentifierGenerator strategy [uuid.hex] -> [org.hibernate.id.UUIDHexGenerator]
2026-05-05T02:24:57.541-04:00 DEBUG 10252 --- [backend] [           main] org.hibernate.orm.idgen.factory          : Registering IdentifierGenerator strategy [assigned] -> [org.hibernate.id.Assigned]
2026-05-05T02:24:57.544-04:00 DEBUG 10252 --- [backend] [           main] org.hibernate.orm.idgen.factory          : Registering IdentifierGenerator strategy [identity] -> [org.hibernate.id.IdentityGenerator]
2026-05-05T02:24:57.545-04:00 DEBUG 10252 --- [backend] [           main] org.hibernate.orm.idgen.factory          : Registering IdentifierGenerator strategy [select] -> [org.hibernate.id.SelectGenerator]
2026-05-05T02:24:57.547-04:00 DEBUG 10252 --- [backend] [           main] org.hibernate.orm.idgen.factory          : Registering IdentifierGenerator strategy [sequence] -> [org.hibernate.id.enhanced.SequenceStyleGenerator]
2026-05-05T02:24:57.548-04:00 DEBUG 10252 --- [backend] [           main] org.hibernate.orm.idgen.factory          : Registering IdentifierGenerator strategy [increment] -> [org.hibernate.id.IncrementGenerator]
2026-05-05T02:24:57.549-04:00 DEBUG 10252 --- [backend] [           main] org.hibernate.orm.idgen.factory          : Registering IdentifierGenerator strategy [foreign] -> [org.hibernate.id.ForeignGenerator]
2026-05-05T02:24:57.549-04:00 DEBUG 10252 --- [backend] [           main] org.hibernate.orm.idgen.factory          : Registering IdentifierGenerator strategy [enhanced-sequence] -> [org.hibernate.id.enhanced.SequenceStyleGenerator]
2026-05-05T02:24:57.551-04:00 DEBUG 10252 --- [backend] [           main] org.hibernate.orm.idgen.factory          : Registering IdentifierGenerator strategy [enhanced-table] -> [org.hibernate.id.enhanced.TableGenerator]
2026-05-05T02:24:57.565-04:00 TRACE 10252 --- [backend] [           main] o.h.s.i.AbstractServiceRegistryImpl      : Initializing service [role=org.hibernate.engine.jdbc.connections.spi.MultiTenantConnectionProvider]
2026-05-05T02:24:57.567-04:00 TRACE 10252 --- [backend] [           main] o.h.s.i.AbstractServiceRegistryImpl      : Initializing service [role=org.hibernate.cache.spi.RegionFactory]
2026-05-05T02:24:57.569-04:00 DEBUG 10252 --- [backend] [           main] o.h.c.internal.RegionFactoryInitiator    : Cannot default RegionFactory based on registered strategies as `[]` RegionFactory strategies were registered
2026-05-05T02:24:57.571-04:00  INFO 10252 --- [backend] [           main] o.h.c.internal.RegionFactoryInitiator    : HHH000026: Second-level cache disabled
2026-05-05T02:24:57.810-04:00 DEBUG 10252 --- [backend] [           main] org.hibernate.type.BasicTypeRegistry     : Adding type registration boolean -> org.hibernate.type.BasicTypeReference@70881123
2026-05-05T02:24:57.811-04:00 DEBUG 10252 --- [backend] [           main] org.hibernate.type.BasicTypeRegistry     : Adding type registration boolean -> org.hibernate.type.BasicTypeReference@70881123
2026-05-05T02:24:57.812-04:00 DEBUG 10252 --- [backend] [           main] org.hibernate.type.BasicTypeRegistry     : Adding type registration java.lang.Boolean -> org.hibernate.type.BasicTypeReference@70881123
2026-05-05T02:24:57.812-04:00 DEBUG 10252 --- [backend] [           main] org.hibernate.type.BasicTypeRegistry     : Adding type registration numeric_boolean -> org.hibernate.type.BasicTypeReference@703fa45
2026-05-05T02:24:57.812-04:00 DEBUG 10252 --- [backend] [           main] org.hibernate.type.BasicTypeRegistry     : Adding type registration org.hibernate.type.NumericBooleanConverter -> org.hibernate.type.BasicTypeReference@703fa45
2026-05-05T02:24:57.813-04:00 DEBUG 10252 --- [backend] [           main] org.hibernate.type.BasicTypeRegistry     : Adding type registration true_false -> org.hibernate.type.BasicTypeReference@5e905f2c
2026-05-05T02:24:57.813-04:00 DEBUG 10252 --- [backend] [           main] org.hibernate.type.BasicTypeRegistry     : Adding type registration org.hibernate.type.TrueFalseConverter -> org.hibernate.type.BasicTypeReference@5e905f2c
2026-05-05T02:24:57.813-04:00 DEBUG 10252 --- [backend] [           main] org.hibernate.type.BasicTypeRegistry     : Adding type registration yes_no -> org.hibernate.type.BasicTypeReference@fddd7ae
2026-05-05T02:24:57.814-04:00 DEBUG 10252 --- [backend] [           main] org.hibernate.type.BasicTypeRegistry     : Adding type registration org.hibernate.type.YesNoConverter -> org.hibernate.type.BasicTypeReference@fddd7ae
2026-05-05T02:24:57.814-04:00 DEBUG 10252 --- [backend] [           main] org.hibernate.type.BasicTypeRegistry     : Adding type registration byte -> org.hibernate.type.BasicTypeReference@3f6cce7f
2026-05-05T02:24:57.814-04:00 DEBUG 10252 --- [backend] [           main] org.hibernate.type.BasicTypeRegistry     : Adding type registration byte -> org.hibernate.type.BasicTypeReference@3f6cce7f
2026-05-05T02:24:57.814-04:00 DEBUG 10252 --- [backend] [           main] org.hibernate.type.BasicTypeRegistry     : Adding type registration java.lang.Byte -> org.hibernate.type.BasicTypeReference@3f6cce7f
2026-05-05T02:24:57.815-04:00 DEBUG 10252 --- [backend] [           main] org.hibernate.type.BasicTypeRegistry     : Adding type registration binary -> org.hibernate.type.BasicTypeReference@2725ca05
2026-05-05T02:24:57.815-04:00 DEBUG 10252 --- [backend] [           main] org.hibernate.type.BasicTypeRegistry     : Adding type registration byte[] -> org.hibernate.type.BasicTypeReference@2725ca05
2026-05-05T02:24:57.815-04:00 DEBUG 10252 --- [backend] [           main] org.hibernate.type.BasicTypeRegistry     : Adding type registration [B -> org.hibernate.type.BasicTypeReference@2725ca05
2026-05-05T02:24:57.815-04:00 DEBUG 10252 --- [backend] [           main] org.hibernate.type.BasicTypeRegistry     : Adding type registration binary_wrapper -> org.hibernate.type.BasicTypeReference@7b9088f2
2026-05-05T02:24:57.816-04:00 DEBUG 10252 --- [backend] [           main] org.hibernate.type.BasicTypeRegistry     : Adding type registration wrapper-binary -> org.hibernate.type.BasicTypeReference@7b9088f2
2026-05-05T02:24:57.816-04:00 DEBUG 10252 --- [backend] [           main] org.hibernate.type.BasicTypeRegistry     : Adding type registration image -> org.hibernate.type.BasicTypeReference@1a914089
2026-05-05T02:24:57.816-04:00 DEBUG 10252 --- [backend] [           main] org.hibernate.type.BasicTypeRegistry     : Adding type registration blob -> org.hibernate.type.BasicTypeReference@43d76a92
2026-05-05T02:24:57.816-04:00 DEBUG 10252 --- [backend] [           main] org.hibernate.type.BasicTypeRegistry     : Adding type registration java.sql.Blob -> org.hibernate.type.BasicTypeReference@43d76a92
2026-05-05T02:24:57.817-04:00 DEBUG 10252 --- [backend] [           main] org.hibernate.type.BasicTypeRegistry     : Adding type registration materialized_blob -> org.hibernate.type.BasicTypeReference@4a2bf50f
2026-05-05T02:24:57.817-04:00 DEBUG 10252 --- [backend] [           main] org.hibernate.type.BasicTypeRegistry     : Adding type registration materialized_blob_wrapper -> org.hibernate.type.BasicTypeReference@350323a0
2026-05-05T02:24:57.817-04:00 DEBUG 10252 --- [backend] [           main] org.hibernate.type.BasicTypeRegistry     : Adding type registration short -> org.hibernate.type.BasicTypeReference@2506b881
2026-05-05T02:24:57.818-04:00 DEBUG 10252 --- [backend] [           main] org.hibernate.type.BasicTypeRegistry     : Adding type registration short -> org.hibernate.type.BasicTypeReference@2506b881
2026-05-05T02:24:57.818-04:00 DEBUG 10252 --- [backend] [           main] org.hibernate.type.BasicTypeRegistry     : Adding type registration java.lang.Short -> org.hibernate.type.BasicTypeReference@2506b881
2026-05-05T02:24:57.818-04:00 DEBUG 10252 --- [backend] [           main] org.hibernate.type.BasicTypeRegistry     : Adding type registration integer -> org.hibernate.type.BasicTypeReference@5d7dd549
2026-05-05T02:24:57.819-04:00 DEBUG 10252 --- [backend] [           main] org.hibernate.type.BasicTypeRegistry     : Adding type registration int -> org.hibernate.type.BasicTypeReference@5d7dd549
2026-05-05T02:24:57.819-04:00 DEBUG 10252 --- [backend] [           main] org.hibernate.type.BasicTypeRegistry     : Adding type registration java.lang.Integer -> org.hibernate.type.BasicTypeReference@5d7dd549
2026-05-05T02:24:57.819-04:00 DEBUG 10252 --- [backend] [           main] org.hibernate.type.BasicTypeRegistry     : Adding type registration long -> org.hibernate.type.BasicTypeReference@486bd064
2026-05-05T02:24:57.819-04:00 DEBUG 10252 --- [backend] [           main] org.hibernate.type.BasicTypeRegistry     : Adding type registration long -> org.hibernate.type.BasicTypeReference@486bd064
2026-05-05T02:24:57.820-04:00 DEBUG 10252 --- [backend] [           main] org.hibernate.type.BasicTypeRegistry     : Adding type registration java.lang.Long -> org.hibernate.type.BasicTypeReference@486bd064
2026-05-05T02:24:57.820-04:00 DEBUG 10252 --- [backend] [           main] org.hibernate.type.BasicTypeRegistry     : Adding type registration float -> org.hibernate.type.BasicTypeReference@6459f4ea
2026-05-05T02:24:57.820-04:00 DEBUG 10252 --- [backend] [           main] org.hibernate.type.BasicTypeRegistry     : Adding type registration float -> org.hibernate.type.BasicTypeReference@6459f4ea
2026-05-05T02:24:57.820-04:00 DEBUG 10252 --- [backend] [           main] org.hibernate.type.BasicTypeRegistry     : Adding type registration java.lang.Float -> org.hibernate.type.BasicTypeReference@6459f4ea
2026-05-05T02:24:57.821-04:00 DEBUG 10252 --- [backend] [           main] org.hibernate.type.BasicTypeRegistry     : Adding type registration double -> org.hibernate.type.BasicTypeReference@740b9a50
2026-05-05T02:24:57.821-04:00 DEBUG 10252 --- [backend] [           main] org.hibernate.type.BasicTypeRegistry     : Adding type registration double -> org.hibernate.type.BasicTypeReference@740b9a50
2026-05-05T02:24:57.821-04:00 DEBUG 10252 --- [backend] [           main] org.hibernate.type.BasicTypeRegistry     : Adding type registration java.lang.Double -> org.hibernate.type.BasicTypeReference@740b9a50
2026-05-05T02:24:57.821-04:00 DEBUG 10252 --- [backend] [           main] org.hibernate.type.BasicTypeRegistry     : Adding type registration big_integer -> org.hibernate.type.BasicTypeReference@476fde05
2026-05-05T02:24:57.822-04:00 DEBUG 10252 --- [backend] [           main] org.hibernate.type.BasicTypeRegistry     : Adding type registration java.math.BigInteger -> org.hibernate.type.BasicTypeReference@476fde05
2026-05-05T02:24:57.822-04:00 DEBUG 10252 --- [backend] [           main] org.hibernate.type.BasicTypeRegistry     : Adding type registration big_decimal -> org.hibernate.type.BasicTypeReference@5111de7c
2026-05-05T02:24:57.822-04:00 DEBUG 10252 --- [backend] [           main] org.hibernate.type.BasicTypeRegistry     : Adding type registration java.math.BigDecimal -> org.hibernate.type.BasicTypeReference@5111de7c
2026-05-05T02:24:57.823-04:00 DEBUG 10252 --- [backend] [           main] org.hibernate.type.BasicTypeRegistry     : Adding type registration character -> org.hibernate.type.BasicTypeReference@7ac48e10
2026-05-05T02:24:57.823-04:00 DEBUG 10252 --- [backend] [           main] org.hibernate.type.BasicTypeRegistry     : Adding type registration char -> org.hibernate.type.BasicTypeReference@7ac48e10
2026-05-05T02:24:57.823-04:00 DEBUG 10252 --- [backend] [           main] org.hibernate.type.BasicTypeRegistry     : Adding type registration java.lang.Character -> org.hibernate.type.BasicTypeReference@7ac48e10
2026-05-05T02:24:57.823-04:00 DEBUG 10252 --- [backend] [           main] org.hibernate.type.BasicTypeRegistry     : Adding type registration character_nchar -> org.hibernate.type.BasicTypeReference@52354202
2026-05-05T02:24:57.824-04:00 DEBUG 10252 --- [backend] [           main] org.hibernate.type.BasicTypeRegistry     : Adding type registration string -> org.hibernate.type.BasicTypeReference@6b1321b7
2026-05-05T02:24:57.824-04:00 DEBUG 10252 --- [backend] [           main] org.hibernate.type.BasicTypeRegistry     : Adding type registration java.lang.String -> org.hibernate.type.BasicTypeReference@6b1321b7
2026-05-05T02:24:57.824-04:00 DEBUG 10252 --- [backend] [           main] org.hibernate.type.BasicTypeRegistry     : Adding type registration nstring -> org.hibernate.type.BasicTypeReference@342ee097
2026-05-05T02:24:57.824-04:00 DEBUG 10252 --- [backend] [           main] org.hibernate.type.BasicTypeRegistry     : Adding type registration characters -> org.hibernate.type.BasicTypeReference@6ac45c0c
2026-05-05T02:24:57.824-04:00 DEBUG 10252 --- [backend] [           main] org.hibernate.type.BasicTypeRegistry     : Adding type registration char[] -> org.hibernate.type.BasicTypeReference@6ac45c0c
2026-05-05T02:24:57.825-04:00 DEBUG 10252 --- [backend] [           main] org.hibernate.type.BasicTypeRegistry     : Adding type registration [C -> org.hibernate.type.BasicTypeReference@6ac45c0c
2026-05-05T02:24:57.825-04:00 DEBUG 10252 --- [backend] [           main] org.hibernate.type.BasicTypeRegistry     : Adding type registration wrapper-characters -> org.hibernate.type.BasicTypeReference@12192604
2026-05-05T02:24:57.825-04:00 DEBUG 10252 --- [backend] [           main] org.hibernate.type.BasicTypeRegistry     : Adding type registration text -> org.hibernate.type.BasicTypeReference@6075b369
2026-05-05T02:24:57.825-04:00 DEBUG 10252 --- [backend] [           main] org.hibernate.type.BasicTypeRegistry     : Adding type registration ntext -> org.hibernate.type.BasicTypeReference@231cdda8
2026-05-05T02:24:57.826-04:00 DEBUG 10252 --- [backend] [           main] org.hibernate.type.BasicTypeRegistry     : Adding type registration clob -> org.hibernate.type.BasicTypeReference@6b70d1fb
2026-05-05T02:24:57.826-04:00 DEBUG 10252 --- [backend] [           main] org.hibernate.type.BasicTypeRegistry     : Adding type registration java.sql.Clob -> org.hibernate.type.BasicTypeReference@6b70d1fb
2026-05-05T02:24:57.826-04:00 DEBUG 10252 --- [backend] [           main] org.hibernate.type.BasicTypeRegistry     : Adding type registration nclob -> org.hibernate.type.BasicTypeReference@3002e397
2026-05-05T02:24:57.826-04:00 DEBUG 10252 --- [backend] [           main] org.hibernate.type.BasicTypeRegistry     : Adding type registration java.sql.NClob -> org.hibernate.type.BasicTypeReference@3002e397
2026-05-05T02:24:57.826-04:00 DEBUG 10252 --- [backend] [           main] org.hibernate.type.BasicTypeRegistry     : Adding type registration materialized_clob -> org.hibernate.type.BasicTypeReference@7da1e005
2026-05-05T02:24:57.827-04:00 DEBUG 10252 --- [backend] [           main] org.hibernate.type.BasicTypeRegistry     : Adding type registration materialized_clob_char_array -> org.hibernate.type.BasicTypeReference@38159384
2026-05-05T02:24:57.827-04:00 DEBUG 10252 --- [backend] [           main] org.hibernate.type.BasicTypeRegistry     : Adding type registration materialized_clob_character_array -> org.hibernate.type.BasicTypeReference@55877274
2026-05-05T02:24:57.827-04:00 DEBUG 10252 --- [backend] [           main] org.hibernate.type.BasicTypeRegistry     : Adding type registration materialized_nclob -> org.hibernate.type.BasicTypeReference@723e2d08
2026-05-05T02:24:57.827-04:00 DEBUG 10252 --- [backend] [           main] org.hibernate.type.BasicTypeRegistry     : Adding type registration materialized_nclob_character_array -> org.hibernate.type.BasicTypeReference@6d4a82
2026-05-05T02:24:57.827-04:00 DEBUG 10252 --- [backend] [           main] org.hibernate.type.BasicTypeRegistry     : Adding type registration materialized_nclob_char_array -> org.hibernate.type.BasicTypeReference@14f060b8
2026-05-05T02:24:57.828-04:00 DEBUG 10252 --- [backend] [           main] org.hibernate.type.BasicTypeRegistry     : Adding type registration Duration -> org.hibernate.type.BasicTypeReference@7a0ab480
2026-05-05T02:24:57.828-04:00 DEBUG 10252 --- [backend] [           main] org.hibernate.type.BasicTypeRegistry     : Adding type registration java.time.Duration -> org.hibernate.type.BasicTypeReference@7a0ab480
2026-05-05T02:24:57.828-04:00 DEBUG 10252 --- [backend] [           main] org.hibernate.type.BasicTypeRegistry     : Adding type registration LocalDateTime -> org.hibernate.type.BasicTypeReference@79df80a4
2026-05-05T02:24:57.828-04:00 DEBUG 10252 --- [backend] [           main] org.hibernate.type.BasicTypeRegistry     : Adding type registration java.time.LocalDateTime -> org.hibernate.type.BasicTypeReference@79df80a4
2026-05-05T02:24:57.828-04:00 DEBUG 10252 --- [backend] [           main] org.hibernate.type.BasicTypeRegistry     : Adding type registration LocalDate -> org.hibernate.type.BasicTypeReference@130cfc47
2026-05-05T02:24:57.829-04:00 DEBUG 10252 --- [backend] [           main] org.hibernate.type.BasicTypeRegistry     : Adding type registration java.time.LocalDate -> org.hibernate.type.BasicTypeReference@130cfc47
2026-05-05T02:24:57.829-04:00 DEBUG 10252 --- [backend] [           main] org.hibernate.type.BasicTypeRegistry     : Adding type registration LocalTime -> org.hibernate.type.BasicTypeReference@4eeab3e
2026-05-05T02:24:57.829-04:00 DEBUG 10252 --- [backend] [           main] org.hibernate.type.BasicTypeRegistry     : Adding type registration java.time.LocalTime -> org.hibernate.type.BasicTypeReference@4eeab3e
2026-05-05T02:24:57.829-04:00 DEBUG 10252 --- [backend] [           main] org.hibernate.type.BasicTypeRegistry     : Adding type registration OffsetDateTime -> org.hibernate.type.BasicTypeReference@2b6fb197
2026-05-05T02:24:57.829-04:00 DEBUG 10252 --- [backend] [           main] org.hibernate.type.BasicTypeRegistry     : Adding type registration java.time.OffsetDateTime -> org.hibernate.type.BasicTypeReference@2b6fb197
2026-05-05T02:24:57.830-04:00 DEBUG 10252 --- [backend] [           main] org.hibernate.type.BasicTypeRegistry     : Adding type registration OffsetDateTimeWithTimezone -> org.hibernate.type.BasicTypeReference@2eb0cefe
2026-05-05T02:24:57.830-04:00 DEBUG 10252 --- [backend] [           main] org.hibernate.type.BasicTypeRegistry     : Adding type registration OffsetDateTimeWithoutTimezone -> org.hibernate.type.BasicTypeReference@5a2ae1ab
2026-05-05T02:24:57.830-04:00 DEBUG 10252 --- [backend] [           main] org.hibernate.type.BasicTypeRegistry     : Adding type registration OffsetTime -> org.hibernate.type.BasicTypeReference@2bec068b
2026-05-05T02:24:57.830-04:00 DEBUG 10252 --- [backend] [           main] org.hibernate.type.BasicTypeRegistry     : Adding type registration java.time.OffsetTime -> org.hibernate.type.BasicTypeReference@2bec068b
2026-05-05T02:24:57.830-04:00 DEBUG 10252 --- [backend] [           main] org.hibernate.type.BasicTypeRegistry     : Adding type registration OffsetTimeUtc -> org.hibernate.type.BasicTypeReference@7d59e968
2026-05-05T02:24:57.830-04:00 DEBUG 10252 --- [backend] [           main] org.hibernate.type.BasicTypeRegistry     : Adding type registration OffsetTimeWithTimezone -> org.hibernate.type.BasicTypeReference@55361f03
2026-05-05T02:24:57.831-04:00 DEBUG 10252 --- [backend] [           main] org.hibernate.type.BasicTypeRegistry     : Adding type registration OffsetTimeWithoutTimezone -> org.hibernate.type.BasicTypeReference@581c9bb7
2026-05-05T02:24:57.831-04:00 DEBUG 10252 --- [backend] [           main] org.hibernate.type.BasicTypeRegistry     : Adding type registration ZonedDateTime -> org.hibernate.type.BasicTypeReference@138f0661
2026-05-05T02:24:57.831-04:00 DEBUG 10252 --- [backend] [           main] org.hibernate.type.BasicTypeRegistry     : Adding type registration java.time.ZonedDateTime -> org.hibernate.type.BasicTypeReference@138f0661
2026-05-05T02:24:57.831-04:00 DEBUG 10252 --- [backend] [           main] org.hibernate.type.BasicTypeRegistry     : Adding type registration ZonedDateTimeWithTimezone -> org.hibernate.type.BasicTypeReference@212fafd1
2026-05-05T02:24:57.831-04:00 DEBUG 10252 --- [backend] [           main] org.hibernate.type.BasicTypeRegistry     : Adding type registration ZonedDateTimeWithoutTimezone -> org.hibernate.type.BasicTypeReference@448462f0
2026-05-05T02:24:57.832-04:00 DEBUG 10252 --- [backend] [           main] org.hibernate.type.BasicTypeRegistry     : Adding type registration date -> org.hibernate.type.BasicTypeReference@787988f4
2026-05-05T02:24:57.832-04:00 DEBUG 10252 --- [backend] [           main] org.hibernate.type.BasicTypeRegistry     : Adding type registration java.sql.Date -> org.hibernate.type.BasicTypeReference@787988f4
2026-05-05T02:24:57.832-04:00 DEBUG 10252 --- [backend] [           main] org.hibernate.type.BasicTypeRegistry     : Adding type registration time -> org.hibernate.type.BasicTypeReference@132e3594
2026-05-05T02:24:57.832-04:00 DEBUG 10252 --- [backend] [           main] org.hibernate.type.BasicTypeRegistry     : Adding type registration java.sql.Time -> org.hibernate.type.BasicTypeReference@132e3594
2026-05-05T02:24:57.832-04:00 DEBUG 10252 --- [backend] [           main] org.hibernate.type.BasicTypeRegistry     : Adding type registration timestamp -> org.hibernate.type.BasicTypeReference@4f235107
2026-05-05T02:24:57.832-04:00 DEBUG 10252 --- [backend] [           main] org.hibernate.type.BasicTypeRegistry     : Adding type registration java.sql.Timestamp -> org.hibernate.type.BasicTypeReference@4f235107
2026-05-05T02:24:57.833-04:00 DEBUG 10252 --- [backend] [           main] org.hibernate.type.BasicTypeRegistry     : Adding type registration java.util.Date -> org.hibernate.type.BasicTypeReference@4f235107
2026-05-05T02:24:57.833-04:00 DEBUG 10252 --- [backend] [           main] org.hibernate.type.BasicTypeRegistry     : Adding type registration calendar -> org.hibernate.type.BasicTypeReference@28d739f1
2026-05-05T02:24:57.833-04:00 DEBUG 10252 --- [backend] [           main] org.hibernate.type.BasicTypeRegistry     : Adding type registration java.util.Calendar -> org.hibernate.type.BasicTypeReference@28d739f1
2026-05-05T02:24:57.833-04:00 DEBUG 10252 --- [backend] [           main] org.hibernate.type.BasicTypeRegistry     : Adding type registration java.util.GregorianCalendar -> org.hibernate.type.BasicTypeReference@28d739f1
2026-05-05T02:24:57.833-04:00 DEBUG 10252 --- [backend] [           main] org.hibernate.type.BasicTypeRegistry     : Adding type registration calendar_date -> org.hibernate.type.BasicTypeReference@1c5d3a37
2026-05-05T02:24:57.833-04:00 DEBUG 10252 --- [backend] [           main] org.hibernate.type.BasicTypeRegistry     : Adding type registration calendar_time -> org.hibernate.type.BasicTypeReference@7e3d2ebd
2026-05-05T02:24:57.834-04:00 DEBUG 10252 --- [backend] [           main] org.hibernate.type.BasicTypeRegistry     : Adding type registration instant -> org.hibernate.type.BasicTypeReference@2b43f314
2026-05-05T02:24:57.834-04:00 DEBUG 10252 --- [backend] [           main] org.hibernate.type.BasicTypeRegistry     : Adding type registration java.time.Instant -> org.hibernate.type.BasicTypeReference@2b43f314
2026-05-05T02:24:57.834-04:00 DEBUG 10252 --- [backend] [           main] org.hibernate.type.BasicTypeRegistry     : Adding type registration uuid -> org.hibernate.type.BasicTypeReference@3a4a5f3c
2026-05-05T02:24:57.834-04:00 DEBUG 10252 --- [backend] [           main] org.hibernate.type.BasicTypeRegistry     : Adding type registration java.util.UUID -> org.hibernate.type.BasicTypeReference@3a4a5f3c
2026-05-05T02:24:57.834-04:00 DEBUG 10252 --- [backend] [           main] org.hibernate.type.BasicTypeRegistry     : Adding type registration pg-uuid -> org.hibernate.type.BasicTypeReference@3a4a5f3c
2026-05-05T02:24:57.835-04:00 DEBUG 10252 --- [backend] [           main] org.hibernate.type.BasicTypeRegistry     : Adding type registration uuid-binary -> org.hibernate.type.BasicTypeReference@4f3356c0
2026-05-05T02:24:57.835-04:00 DEBUG 10252 --- [backend] [           main] org.hibernate.type.BasicTypeRegistry     : Adding type registration uuid-char -> org.hibernate.type.BasicTypeReference@586cc15d
2026-05-05T02:24:57.835-04:00 DEBUG 10252 --- [backend] [           main] org.hibernate.type.BasicTypeRegistry     : Adding type registration class -> org.hibernate.type.BasicTypeReference@6c835217
2026-05-05T02:24:57.835-04:00 DEBUG 10252 --- [backend] [           main] org.hibernate.type.BasicTypeRegistry     : Adding type registration java.lang.Class -> org.hibernate.type.BasicTypeReference@6c835217
2026-05-05T02:24:57.835-04:00 DEBUG 10252 --- [backend] [           main] org.hibernate.type.BasicTypeRegistry     : Adding type registration currency -> org.hibernate.type.BasicTypeReference@4584304
2026-05-05T02:24:57.835-04:00 DEBUG 10252 --- [backend] [           main] org.hibernate.type.BasicTypeRegistry     : Adding type registration Currency -> org.hibernate.type.BasicTypeReference@4584304
2026-05-05T02:24:57.836-04:00 DEBUG 10252 --- [backend] [           main] org.hibernate.type.BasicTypeRegistry     : Adding type registration java.util.Currency -> org.hibernate.type.BasicTypeReference@4584304
2026-05-05T02:24:57.836-04:00 DEBUG 10252 --- [backend] [           main] org.hibernate.type.BasicTypeRegistry     : Adding type registration locale -> org.hibernate.type.BasicTypeReference@51888019
2026-05-05T02:24:57.836-04:00 DEBUG 10252 --- [backend] [           main] org.hibernate.type.BasicTypeRegistry     : Adding type registration java.util.Locale -> org.hibernate.type.BasicTypeReference@51888019
2026-05-05T02:24:57.836-04:00 DEBUG 10252 --- [backend] [           main] org.hibernate.type.BasicTypeRegistry     : Adding type registration serializable -> org.hibernate.type.BasicTypeReference@6f50d55c
2026-05-05T02:24:57.836-04:00 DEBUG 10252 --- [backend] [           main] org.hibernate.type.BasicTypeRegistry     : Adding type registration java.io.Serializable -> org.hibernate.type.BasicTypeReference@6f50d55c
2026-05-05T02:24:57.837-04:00 DEBUG 10252 --- [backend] [           main] org.hibernate.type.BasicTypeRegistry     : Adding type registration timezone -> org.hibernate.type.BasicTypeReference@19b5214b
2026-05-05T02:24:57.837-04:00 DEBUG 10252 --- [backend] [           main] org.hibernate.type.BasicTypeRegistry     : Adding type registration java.util.TimeZone -> org.hibernate.type.BasicTypeReference@19b5214b
2026-05-05T02:24:57.837-04:00 DEBUG 10252 --- [backend] [           main] org.hibernate.type.BasicTypeRegistry     : Adding type registration ZoneOffset -> org.hibernate.type.BasicTypeReference@5fb3111a
2026-05-05T02:24:57.837-04:00 DEBUG 10252 --- [backend] [           main] org.hibernate.type.BasicTypeRegistry     : Adding type registration java.time.ZoneOffset -> org.hibernate.type.BasicTypeReference@5fb3111a
2026-05-05T02:24:57.837-04:00 DEBUG 10252 --- [backend] [           main] org.hibernate.type.BasicTypeRegistry     : Adding type registration url -> org.hibernate.type.BasicTypeReference@4aaecabd
2026-05-05T02:24:57.838-04:00 DEBUG 10252 --- [backend] [           main] org.hibernate.type.BasicTypeRegistry     : Adding type registration java.net.URL -> org.hibernate.type.BasicTypeReference@4aaecabd
2026-05-05T02:24:57.838-04:00 DEBUG 10252 --- [backend] [           main] org.hibernate.type.BasicTypeRegistry     : Adding type registration vector -> org.hibernate.type.BasicTypeReference@23bd0c81
2026-05-05T02:24:57.838-04:00 DEBUG 10252 --- [backend] [           main] org.hibernate.type.BasicTypeRegistry     : Adding type registration float_vector -> org.hibernate.type.BasicTypeReference@1332dec4
2026-05-05T02:24:57.838-04:00 DEBUG 10252 --- [backend] [           main] org.hibernate.type.BasicTypeRegistry     : Adding type registration double_vector -> org.hibernate.type.BasicTypeReference@544e3679
2026-05-05T02:24:57.838-04:00 DEBUG 10252 --- [backend] [           main] org.hibernate.type.BasicTypeRegistry     : Adding type registration byte_vector -> org.hibernate.type.BasicTypeReference@6889f56f
2026-05-05T02:24:57.838-04:00 DEBUG 10252 --- [backend] [           main] org.hibernate.type.BasicTypeRegistry     : Adding type registration row_version -> org.hibernate.type.BasicTypeReference@231b35fb
2026-05-05T02:24:57.845-04:00 DEBUG 10252 --- [backend] [           main] org.hibernate.type.BasicTypeRegistry     : Adding type registration object -> org.hibernate.type.JavaObjectType@3bbf1c0d
2026-05-05T02:24:57.846-04:00 DEBUG 10252 --- [backend] [           main] org.hibernate.type.BasicTypeRegistry     : Adding type registration java.lang.Object -> org.hibernate.type.JavaObjectType@3bbf1c0d
2026-05-05T02:24:57.847-04:00 DEBUG 10252 --- [backend] [           main] org.hibernate.type.BasicTypeRegistry     : Adding type registration null -> org.hibernate.type.NullType@5dbab232
2026-05-05T02:24:57.848-04:00 DEBUG 10252 --- [backend] [           main] org.hibernate.type.BasicTypeRegistry     : Adding type registration imm_date -> org.hibernate.type.BasicTypeReference@5939e24
2026-05-05T02:24:57.848-04:00 DEBUG 10252 --- [backend] [           main] org.hibernate.type.BasicTypeRegistry     : Adding type registration imm_time -> org.hibernate.type.BasicTypeReference@595f9916
2026-05-05T02:24:57.848-04:00 DEBUG 10252 --- [backend] [           main] org.hibernate.type.BasicTypeRegistry     : Adding type registration imm_timestamp -> org.hibernate.type.BasicTypeReference@2055833f
2026-05-05T02:24:57.848-04:00 DEBUG 10252 --- [backend] [           main] org.hibernate.type.BasicTypeRegistry     : Adding type registration imm_calendar -> org.hibernate.type.BasicTypeReference@28768e25
2026-05-05T02:24:57.848-04:00 DEBUG 10252 --- [backend] [           main] org.hibernate.type.BasicTypeRegistry     : Adding type registration imm_calendar_date -> org.hibernate.type.BasicTypeReference@310d57b1
2026-05-05T02:24:57.849-04:00 DEBUG 10252 --- [backend] [           main] org.hibernate.type.BasicTypeRegistry     : Adding type registration imm_calendar_time -> org.hibernate.type.BasicTypeReference@143fefaf
2026-05-05T02:24:57.849-04:00 DEBUG 10252 --- [backend] [           main] org.hibernate.type.BasicTypeRegistry     : Adding type registration imm_binary -> org.hibernate.type.BasicTypeReference@18ffca6c
2026-05-05T02:24:57.849-04:00 DEBUG 10252 --- [backend] [           main] org.hibernate.type.BasicTypeRegistry     : Adding type registration imm_serializable -> org.hibernate.type.BasicTypeReference@46468f0
2026-05-05T02:24:57.852-04:00 TRACE 10252 --- [backend] [           main] o.h.q.sqm.function.SqmFunctionRegistry   : SqmFunctionRegistry created
2026-05-05T02:24:57.853-04:00 TRACE 10252 --- [backend] [           main] o.h.s.i.AbstractServiceRegistryImpl      : Initializing service [role=org.hibernate.boot.cfgxml.spi.CfgXmlAccessService]
2026-05-05T02:24:57.857-04:00 DEBUG 10252 --- [backend] [           main] o.h.boot.internal.BootstrapContextImpl   : Injecting JPA temp ClassLoader [org.springframework.instrument.classloading.SimpleThrowawayClassLoader@4cc12db2] into BootstrapContext; was [null]
2026-05-05T02:24:57.858-04:00 DEBUG 10252 --- [backend] [           main] o.h.boot.internal.ClassLoaderAccessImpl  : ClassLoaderAccessImpl#injectTempClassLoader(org.springframework.instrument.classloading.SimpleThrowawayClassLoader@4cc12db2) [was null]
2026-05-05T02:24:57.858-04:00 DEBUG 10252 --- [backend] [           main] o.h.boot.internal.BootstrapContextImpl   : Injecting ScanEnvironment [org.hibernate.jpa.boot.internal.StandardJpaScanEnvironmentImpl@7a64cb0c] into BootstrapContext; was [null]
2026-05-05T02:24:57.859-04:00 DEBUG 10252 --- [backend] [           main] o.h.boot.internal.BootstrapContextImpl   : Injecting ScanOptions [org.hibernate.boot.archive.scan.internal.StandardScanOptions@785ed99c] into BootstrapContext; was [org.hibernate.boot.archive.scan.internal.StandardScanOptions@6c4ce583]
2026-05-05T02:24:57.888-04:00 DEBUG 10252 --- [backend] [           main] o.h.j.b.i.PersistenceUnitInfoDescriptor  : Pushing class transformers for PU named 'default' on loading classloader jdk.internal.loader.ClassLoaders$AppClassLoader@73d16e93
2026-05-05T02:24:58.191-04:00  INFO 10252 --- [backend] [           main] o.s.o.j.p.SpringPersistenceUnitInfo      : No LoadTimeWeaver setup: ignoring JPA class transformer
2026-05-05T02:24:58.191-04:00 DEBUG 10252 --- [backend] [           main] o.h.boot.internal.BootstrapContextImpl   : Injecting JPA temp ClassLoader [null] into BootstrapContext; was [org.springframework.instrument.classloading.SimpleThrowawayClassLoader@4cc12db2]
2026-05-05T02:24:58.192-04:00 DEBUG 10252 --- [backend] [           main] o.h.boot.internal.ClassLoaderAccessImpl  : ClassLoaderAccessImpl#injectTempClassLoader(null) [was org.springframework.instrument.classloading.SimpleThrowawayClassLoader@4cc12db2]
2026-05-05T02:24:58.205-04:00 TRACE 10252 --- [backend] [           main] o.h.s.i.AbstractServiceRegistryImpl      : Initializing service [role=org.hibernate.engine.jdbc.env.spi.JdbcEnvironment]
2026-05-05T02:24:58.205-04:00 TRACE 10252 --- [backend] [           main] o.h.s.i.AbstractServiceRegistryImpl      : Initializing service [role=org.hibernate.engine.jdbc.dialect.spi.DialectFactory]
2026-05-05T02:24:58.206-04:00 TRACE 10252 --- [backend] [           main] o.h.s.i.AbstractServiceRegistryImpl      : Initializing service [role=org.hibernate.engine.jdbc.dialect.spi.DialectResolver]
2026-05-05T02:24:58.212-04:00 TRACE 10252 --- [backend] [           main] o.h.s.i.AbstractServiceRegistryImpl      : Initializing service [role=org.hibernate.engine.jdbc.connections.spi.MultiTenantConnectionProvider]
2026-05-05T02:24:58.213-04:00 TRACE 10252 --- [backend] [           main] o.h.s.i.AbstractServiceRegistryImpl      : Initializing service [role=org.hibernate.engine.jdbc.connections.spi.ConnectionProvider]
2026-05-05T02:24:58.213-04:00 TRACE 10252 --- [backend] [           main] o.h.s.i.AbstractServiceRegistryImpl      : Initializing service [role=org.hibernate.engine.jdbc.connections.spi.MultiTenantConnectionProvider]
2026-05-05T02:24:58.215-04:00 TRACE 10252 --- [backend] [           main] o.h.s.i.AbstractServiceRegistryImpl      : Initializing service [role=org.hibernate.engine.jndi.spi.JndiService]
2026-05-05T02:24:58.229-04:00 TRACE 10252 --- [backend] [           main] o.h.s.i.AbstractServiceRegistryImpl      : Initializing service [role=org.hibernate.resource.transaction.spi.TransactionCoordinatorBuilder]
2026-05-05T02:24:58.246-04:00 DEBUG 10252 --- [backend] [           main] com.zaxxer.hikari.HikariConfig           : HikariPool-1 - configuration:
2026-05-05T02:24:58.252-04:00 DEBUG 10252 --- [backend] [           main] com.zaxxer.hikari.HikariConfig           : allowPoolSuspension.............false
2026-05-05T02:24:58.253-04:00 DEBUG 10252 --- [backend] [           main] com.zaxxer.hikari.HikariConfig           : autoCommit......................true
2026-05-05T02:24:58.253-04:00 DEBUG 10252 --- [backend] [           main] com.zaxxer.hikari.HikariConfig           : catalog.........................none
2026-05-05T02:24:58.253-04:00 DEBUG 10252 --- [backend] [           main] com.zaxxer.hikari.HikariConfig           : connectionInitSql...............none
2026-05-05T02:24:58.254-04:00 DEBUG 10252 --- [backend] [           main] com.zaxxer.hikari.HikariConfig           : connectionTestQuery.............none
2026-05-05T02:24:58.254-04:00 DEBUG 10252 --- [backend] [           main] com.zaxxer.hikari.HikariConfig           : connectionTimeout...............30000
2026-05-05T02:24:58.254-04:00 DEBUG 10252 --- [backend] [           main] com.zaxxer.hikari.HikariConfig           : dataSource......................none
2026-05-05T02:24:58.254-04:00 DEBUG 10252 --- [backend] [           main] com.zaxxer.hikari.HikariConfig           : dataSourceClassName.............none
2026-05-05T02:24:58.254-04:00 DEBUG 10252 --- [backend] [           main] com.zaxxer.hikari.HikariConfig           : dataSourceJNDI..................none
2026-05-05T02:24:58.255-04:00 DEBUG 10252 --- [backend] [           main] com.zaxxer.hikari.HikariConfig           : dataSourceProperties............{password=<masked>}
2026-05-05T02:24:58.256-04:00 DEBUG 10252 --- [backend] [           main] com.zaxxer.hikari.HikariConfig           : driverClassName................."com.mysql.cj.jdbc.Driver"
2026-05-05T02:24:58.256-04:00 DEBUG 10252 --- [backend] [           main] com.zaxxer.hikari.HikariConfig           : exceptionOverrideClassName......none
2026-05-05T02:24:58.257-04:00 DEBUG 10252 --- [backend] [           main] com.zaxxer.hikari.HikariConfig           : healthCheckProperties...........{}
2026-05-05T02:24:58.257-04:00 DEBUG 10252 --- [backend] [           main] com.zaxxer.hikari.HikariConfig           : healthCheckRegistry.............none
2026-05-05T02:24:58.257-04:00 DEBUG 10252 --- [backend] [           main] com.zaxxer.hikari.HikariConfig           : idleTimeout.....................600000
2026-05-05T02:24:58.257-04:00 DEBUG 10252 --- [backend] [           main] com.zaxxer.hikari.HikariConfig           : initializationFailTimeout.......1
2026-05-05T02:24:58.258-04:00 DEBUG 10252 --- [backend] [           main] com.zaxxer.hikari.HikariConfig           : isolateInternalQueries..........false
2026-05-05T02:24:58.258-04:00 DEBUG 10252 --- [backend] [           main] com.zaxxer.hikari.HikariConfig           : jdbcUrl.........................jdbc:mysql://localhost:3306/mydatabase
2026-05-05T02:24:58.258-04:00 DEBUG 10252 --- [backend] [           main] com.zaxxer.hikari.HikariConfig           : keepaliveTime...................0
2026-05-05T02:24:58.258-04:00 DEBUG 10252 --- [backend] [           main] com.zaxxer.hikari.HikariConfig           : leakDetectionThreshold..........0
2026-05-05T02:24:58.259-04:00 DEBUG 10252 --- [backend] [           main] com.zaxxer.hikari.HikariConfig           : maxLifetime.....................1800000
2026-05-05T02:24:58.259-04:00 DEBUG 10252 --- [backend] [           main] com.zaxxer.hikari.HikariConfig           : maximumPoolSize.................10
2026-05-05T02:24:58.259-04:00 DEBUG 10252 --- [backend] [           main] com.zaxxer.hikari.HikariConfig           : metricRegistry..................none
2026-05-05T02:24:58.259-04:00 DEBUG 10252 --- [backend] [           main] com.zaxxer.hikari.HikariConfig           : metricsTrackerFactory...........none
2026-05-05T02:24:58.260-04:00 DEBUG 10252 --- [backend] [           main] com.zaxxer.hikari.HikariConfig           : minimumIdle.....................10
2026-05-05T02:24:58.260-04:00 DEBUG 10252 --- [backend] [           main] com.zaxxer.hikari.HikariConfig           : password........................<masked>
2026-05-05T02:24:58.260-04:00 DEBUG 10252 --- [backend] [           main] com.zaxxer.hikari.HikariConfig           : poolName........................"HikariPool-1"
2026-05-05T02:24:58.260-04:00 DEBUG 10252 --- [backend] [           main] com.zaxxer.hikari.HikariConfig           : readOnly........................false
2026-05-05T02:24:58.261-04:00 DEBUG 10252 --- [backend] [           main] com.zaxxer.hikari.HikariConfig           : registerMbeans..................false
2026-05-05T02:24:58.261-04:00 DEBUG 10252 --- [backend] [           main] com.zaxxer.hikari.HikariConfig           : scheduledExecutor...............none
2026-05-05T02:24:58.261-04:00 DEBUG 10252 --- [backend] [           main] com.zaxxer.hikari.HikariConfig           : schema..........................none
2026-05-05T02:24:58.261-04:00 DEBUG 10252 --- [backend] [           main] com.zaxxer.hikari.HikariConfig           : threadFactory...................internal
2026-05-05T02:24:58.262-04:00 DEBUG 10252 --- [backend] [           main] com.zaxxer.hikari.HikariConfig           : transactionIsolation............default
2026-05-05T02:24:58.263-04:00 DEBUG 10252 --- [backend] [           main] com.zaxxer.hikari.HikariConfig           : username........................"myuser"
2026-05-05T02:24:58.263-04:00 DEBUG 10252 --- [backend] [           main] com.zaxxer.hikari.HikariConfig           : validationTimeout...............5000
2026-05-05T02:24:58.263-04:00  INFO 10252 --- [backend] [           main] com.zaxxer.hikari.HikariDataSource       : HikariPool-1 - Starting...
2026-05-05T02:24:58.845-04:00  INFO 10252 --- [backend] [           main] com.zaxxer.hikari.pool.HikariPool        : HikariPool-1 - Added connection com.mysql.cj.jdbc.ConnectionImpl@246df37b
2026-05-05T02:24:58.848-04:00  INFO 10252 --- [backend] [           main] com.zaxxer.hikari.HikariDataSource       : HikariPool-1 - Start completed.
2026-05-05T02:24:58.855-04:00 DEBUG 10252 --- [backend] [           main] o.h.e.j.e.i.JdbcEnvironmentInitiator     : Database ->
	   name : MySQL
	version : 8.4.9
	  major : 8
	  minor : 4
2026-05-05T02:24:58.856-04:00 DEBUG 10252 --- [backend] [           main] o.h.e.j.e.i.JdbcEnvironmentInitiator     : Driver ->
	   name : MySQL Connector/J
	version : mysql-connector-j-9.1.0 (Revision: cf2917ea44ae2e43a4514a33771035aa99de73bf)
	  major : 9
	  minor : 1
2026-05-05T02:24:58.856-04:00 DEBUG 10252 --- [backend] [           main] o.h.e.j.e.i.JdbcEnvironmentInitiator     : JDBC version : 4.2
2026-05-05T02:24:58.916-04:00  WARN 10252 --- [backend] [           main] org.hibernate.orm.deprecation            : HHH90000025: MySQL8Dialect does not need to be specified explicitly using 'hibernate.dialect' (remove the property setting and it will be selected by default)
2026-05-05T02:24:58.918-04:00 DEBUG 10252 --- [backend] [           main] org.hibernate.orm.dialect                : HHH035001: Using dialect: org.hibernate.dialect.MySQL8Dialect, version: 8.0
2026-05-05T02:24:58.918-04:00  WARN 10252 --- [backend] [           main] org.hibernate.orm.deprecation            : HHH90000026: MySQL8Dialect has been deprecated; use org.hibernate.dialect.MySQLDialect instead
2026-05-05T02:24:58.923-04:00 DEBUG 10252 --- [backend] [           main] o.h.e.j.env.spi.IdentifierHelperBuilder  : JDBC driver metadata reported database stores quoted identifiers in more than one case
2026-05-05T02:24:58.924-04:00 DEBUG 10252 --- [backend] [           main] o.h.e.j.env.spi.IdentifierHelperBuilder  : IdentifierCaseStrategy for both quoted and unquoted identifiers was set to the same strategy [MIXED]; that will likely lead to problems in schema update and validation if using quoted identifiers
2026-05-05T02:24:58.929-04:00 TRACE 10252 --- [backend] [           main] .e.j.e.i.NormalizingIdentifierHelperImpl : Normalizing identifier quoting [mydatabase]
2026-05-05T02:24:58.930-04:00 TRACE 10252 --- [backend] [           main] .e.j.e.i.NormalizingIdentifierHelperImpl : Normalizing identifier quoting [null]
2026-05-05T02:24:58.951-04:00 TRACE 10252 --- [backend] [           main] o.h.s.i.AbstractServiceRegistryImpl      : Initializing service [role=org.hibernate.engine.jdbc.connections.spi.MultiTenantConnectionProvider]
2026-05-05T02:24:58.959-04:00 DEBUG 10252 --- [backend] [l-1 housekeeper] com.zaxxer.hikari.pool.HikariPool        : HikariPool-1 - Pool stats (total=1, active=0, idle=1, waiting=0)
2026-05-05T02:24:58.964-04:00  INFO 10252 --- [backend] [           main] org.hibernate.orm.connections.pooling    : HHH10001005: Database info:
	Database JDBC URL [Connecting through datasource 'HikariDataSource (HikariPool-1)']
	Database driver: undefined/unknown
	Database version: 8.0
	Autocommit mode: undefined/unknown
	Isolation level: undefined/unknown
	Minimum pool size: undefined/unknown
	Maximum pool size: undefined/unknown
2026-05-05T02:24:58.965-04:00 TRACE 10252 --- [backend] [           main] o.h.s.i.AbstractServiceRegistryImpl      : Initializing service [role=org.hibernate.engine.jdbc.spi.JdbcServices]
2026-05-05T02:24:58.966-04:00 TRACE 10252 --- [backend] [           main] o.h.s.i.AbstractServiceRegistryImpl      : Initializing service [role=org.hibernate.engine.jdbc.spi.SqlStatementLogger]
2026-05-05T02:24:58.967-04:00 TRACE 10252 --- [backend] [           main] o.h.s.i.AbstractServiceRegistryImpl      : Initializing service [role=org.hibernate.sql.ast.spi.ParameterMarkerStrategy]
2026-05-05T02:24:58.982-04:00 DEBUG 10252 --- [backend] [           main] o.h.t.d.sql.spi.DdlTypeRegistry          : addDescriptor(12, org.hibernate.type.descriptor.sql.internal.CapacityDependentDdlType@46994f26) replaced previous registration(org.hibernate.type.descriptor.sql.internal.CapacityDependentDdlType@1bb172dd)
2026-05-05T02:24:58.983-04:00 DEBUG 10252 --- [backend] [           main] o.h.t.d.sql.spi.DdlTypeRegistry          : addDescriptor(-9, org.hibernate.type.descriptor.sql.internal.CapacityDependentDdlType@1cdd31a4) replaced previous registration(org.hibernate.type.descriptor.sql.internal.CapacityDependentDdlType@7dddfc35)
2026-05-05T02:24:58.983-04:00 DEBUG 10252 --- [backend] [           main] o.h.t.d.sql.spi.DdlTypeRegistry          : addDescriptor(-3, org.hibernate.type.descriptor.sql.internal.CapacityDependentDdlType@71316cd7) replaced previous registration(org.hibernate.type.descriptor.sql.internal.CapacityDependentDdlType@6106dfb6)
2026-05-05T02:24:58.984-04:00 DEBUG 10252 --- [backend] [           main] o.h.t.d.sql.spi.DdlTypeRegistry          : addDescriptor(4003, org.hibernate.type.descriptor.sql.internal.DdlTypeImpl@14239223) replaced previous registration(org.hibernate.type.descriptor.sql.internal.DdlTypeImpl@68df8c6)
2026-05-05T02:24:58.984-04:00 DEBUG 10252 --- [backend] [           main] o.h.t.d.sql.spi.DdlTypeRegistry          : addDescriptor(4001, org.hibernate.type.descriptor.sql.internal.DdlTypeImpl@7c206b14) replaced previous registration(org.hibernate.type.descriptor.sql.internal.DdlTypeImpl@2b8cf049)
2026-05-05T02:24:58.985-04:00 DEBUG 10252 --- [backend] [           main] o.h.t.d.sql.spi.DdlTypeRegistry          : addDescriptor(4002, org.hibernate.type.descriptor.sql.internal.DdlTypeImpl@2336cd91) replaced previous registration(org.hibernate.type.descriptor.sql.internal.DdlTypeImpl@4a944af9)
2026-05-05T02:24:58.985-04:00 DEBUG 10252 --- [backend] [           main] o.h.t.d.sql.spi.DdlTypeRegistry          : addDescriptor(2004, org.hibernate.type.descriptor.sql.internal.CapacityDependentDdlType@3593e074) replaced previous registration(org.hibernate.type.descriptor.sql.internal.DdlTypeImpl@79d14037)
2026-05-05T02:24:58.985-04:00 DEBUG 10252 --- [backend] [           main] o.h.t.d.sql.spi.DdlTypeRegistry          : addDescriptor(2005, org.hibernate.type.descriptor.sql.internal.CapacityDependentDdlType@6c1e40d9) replaced previous registration(org.hibernate.type.descriptor.sql.internal.DdlTypeImpl@4b50c21)
2026-05-05T02:24:58.985-04:00 DEBUG 10252 --- [backend] [           main] o.h.t.d.sql.spi.DdlTypeRegistry          : addDescriptor(2011, org.hibernate.type.descriptor.sql.internal.CapacityDependentDdlType@2e0fdc83) replaced previous registration(org.hibernate.type.descriptor.sql.internal.DdlTypeImpl@5dacf18d)
2026-05-05T02:24:58.989-04:00 DEBUG 10252 --- [backend] [           main] o.h.t.d.jdbc.spi.JdbcTypeRegistry        : addDescriptor(NCharTypeDescriptor) replaced previous registration(CharTypeDescriptor)
2026-05-05T02:24:58.989-04:00 DEBUG 10252 --- [backend] [           main] o.h.t.d.jdbc.spi.JdbcTypeRegistry        : addDescriptor(NVarcharTypeDescriptor) replaced previous registration(VarcharTypeDescriptor)
2026-05-05T02:24:58.991-04:00 DEBUG 10252 --- [backend] [           main] o.h.t.d.jdbc.spi.JdbcTypeRegistry        : addDescriptor(LongNVarcharTypeDescriptor) replaced previous registration(LongVarcharTypeDescriptor)
2026-05-05T02:24:58.997-04:00 DEBUG 10252 --- [backend] [           main] o.h.t.d.jdbc.spi.JdbcTypeRegistry        : addDescriptor(NClobTypeDescriptor(DEFAULT)) replaced previous registration(ClobTypeDescriptor(DEFAULT))
2026-05-05T02:24:59.006-04:00 DEBUG 10252 --- [backend] [           main] org.hibernate.type.BasicTypeRegistry     : Adding type registration null -> org.hibernate.type.NullType@77a9ac36
2026-05-05T02:24:59.007-04:00 DEBUG 10252 --- [backend] [           main] org.hibernate.type.BasicTypeRegistry     : Type registration key [null] overrode previous entry : `org.hibernate.type.NullType@5dbab232`
2026-05-05T02:24:59.013-04:00 DEBUG 10252 --- [backend] [onnection adder] com.zaxxer.hikari.pool.HikariPool        : HikariPool-1 - Added connection com.mysql.cj.jdbc.ConnectionImpl@5bd833fc
2026-05-05T02:24:59.016-04:00 DEBUG 10252 --- [backend] [           main] org.hibernate.type.BasicTypeRegistry     : Adding type registration org.hibernate.type.DurationType -> basicType@1(java.time.Duration,3015)
2026-05-05T02:24:59.017-04:00 DEBUG 10252 --- [backend] [           main] org.hibernate.type.BasicTypeRegistry     : Adding type registration Duration -> basicType@1(java.time.Duration,3015)
2026-05-05T02:24:59.017-04:00 DEBUG 10252 --- [backend] [           main] org.hibernate.type.BasicTypeRegistry     : Adding type registration java.time.Duration -> basicType@1(java.time.Duration,3015)
2026-05-05T02:24:59.021-04:00 DEBUG 10252 --- [backend] [           main] org.hibernate.type.BasicTypeRegistry     : Adding type registration org.hibernate.type.OffsetDateTimeType -> basicType@2(java.time.OffsetDateTime,3003)
2026-05-05T02:24:59.022-04:00 DEBUG 10252 --- [backend] [           main] org.hibernate.type.BasicTypeRegistry     : Adding type registration OffsetDateTime -> basicType@2(java.time.OffsetDateTime,3003)
2026-05-05T02:24:59.022-04:00 DEBUG 10252 --- [backend] [           main] org.hibernate.type.BasicTypeRegistry     : Adding type registration java.time.OffsetDateTime -> basicType@2(java.time.OffsetDateTime,3003)
2026-05-05T02:24:59.022-04:00 DEBUG 10252 --- [backend] [           main] org.hibernate.type.BasicTypeRegistry     : Adding type registration org.hibernate.type.ZonedDateTimeType -> basicType@3(java.time.ZonedDateTime,3003)
2026-05-05T02:24:59.022-04:00 DEBUG 10252 --- [backend] [           main] org.hibernate.type.BasicTypeRegistry     : Adding type registration ZonedDateTime -> basicType@3(java.time.ZonedDateTime,3003)
2026-05-05T02:24:59.022-04:00 DEBUG 10252 --- [backend] [           main] org.hibernate.type.BasicTypeRegistry     : Adding type registration java.time.ZonedDateTime -> basicType@3(java.time.ZonedDateTime,3003)
2026-05-05T02:24:59.024-04:00 DEBUG 10252 --- [backend] [           main] org.hibernate.type.BasicTypeRegistry     : Adding type registration org.hibernate.type.OffsetTimeType -> basicType@4(java.time.OffsetTime,3007)
2026-05-05T02:24:59.024-04:00 DEBUG 10252 --- [backend] [           main] org.hibernate.type.BasicTypeRegistry     : Adding type registration OffsetTime -> basicType@4(java.time.OffsetTime,3007)
2026-05-05T02:24:59.024-04:00 DEBUG 10252 --- [backend] [           main] org.hibernate.type.BasicTypeRegistry     : Adding type registration java.time.OffsetTime -> basicType@4(java.time.OffsetTime,3007)
2026-05-05T02:24:59.026-04:00 DEBUG 10252 --- [backend] [           main] o.h.type.spi.TypeConfiguration$Scope     : Scoping TypeConfiguration [org.hibernate.type.spi.TypeConfiguration@26495639] to MetadataBuildingContext [org.hibernate.boot.internal.MetadataBuildingContextRootImpl@45c408a4]
2026-05-05T02:24:59.053-04:00 DEBUG 10252 --- [backend] [onnection adder] com.zaxxer.hikari.pool.HikariPool        : HikariPool-1 - After adding stats (total=2, active=0, idle=2, waiting=0)
2026-05-05T02:24:59.090-04:00 DEBUG 10252 --- [backend] [onnection adder] com.zaxxer.hikari.pool.HikariPool        : HikariPool-1 - Added connection com.mysql.cj.jdbc.ConnectionImpl@3bf7ccb3
2026-05-05T02:24:59.097-04:00 DEBUG 10252 --- [backend] [           main] o.h.boot.model.relational.Namespace      : Created database namespace [logicalName=Name{catalog=null, schema=null}, physicalName=Name{catalog=null, schema=null}]
2026-05-05T02:24:59.129-04:00 DEBUG 10252 --- [backend] [onnection adder] com.zaxxer.hikari.pool.HikariPool        : HikariPool-1 - After adding stats (total=3, active=0, idle=3, waiting=0)
2026-05-05T02:24:59.137-04:00 DEBUG 10252 --- [backend] [           main] o.h.boot.model.internal.EntityBinder     : Binding entity from annotated class: com.duoc.backend.Difusion.Difusion
2026-05-05T02:24:59.155-04:00 DEBUG 10252 --- [backend] [           main] o.h.boot.model.internal.EntityBinder     : Import with entity name Difusion
2026-05-05T02:24:59.157-04:00 TRACE 10252 --- [backend] [           main] o.h.b.i.InFlightMetadataCollectorImpl    : Import: Difusion -> com.duoc.backend.Difusion.Difusion
2026-05-05T02:24:59.157-04:00 TRACE 10252 --- [backend] [           main] o.h.b.i.InFlightMetadataCollectorImpl    : Import: com.duoc.backend.Difusion.Difusion -> com.duoc.backend.Difusion.Difusion
2026-05-05T02:24:59.161-04:00 TRACE 10252 --- [backend] [           main] .e.j.e.i.NormalizingIdentifierHelperImpl : Normalizing identifier quoting [difusion]
2026-05-05T02:24:59.166-04:00 DEBUG 10252 --- [backend] [onnection adder] com.zaxxer.hikari.pool.HikariPool        : HikariPool-1 - Added connection com.mysql.cj.jdbc.ConnectionImpl@49928050
2026-05-05T02:24:59.166-04:00 TRACE 10252 --- [backend] [           main] .e.j.e.i.NormalizingIdentifierHelperImpl : Normalizing identifier quoting [difusion]
2026-05-05T02:24:59.172-04:00 DEBUG 10252 --- [backend] [           main] o.h.boot.model.internal.EntityBinder     : Bind entity com.duoc.backend.Difusion.Difusion on table difusion
2026-05-05T02:24:59.191-04:00 TRACE 10252 --- [backend] [           main] .e.j.e.i.NormalizingIdentifierHelperImpl : Normalizing identifier quoting [DTYPE]
2026-05-05T02:24:59.192-04:00 DEBUG 10252 --- [backend] [           main] o.h.boot.model.internal.AnnotatedColumn  : Binding column: AnnotatedDiscriminatorColumn(column='DTYPE')
2026-05-05T02:24:59.208-04:00 DEBUG 10252 --- [backend] [onnection adder] com.zaxxer.hikari.pool.HikariPool        : HikariPool-1 - After adding stats (total=4, active=0, idle=4, waiting=0)
2026-05-05T02:24:59.213-04:00 TRACE 10252 --- [backend] [           main] o.h.boot.model.internal.PropertyBinder   : Processing annotations of com.duoc.backend.Difusion.Difusion.idDifusion
2026-05-05T02:24:59.218-04:00 TRACE 10252 --- [backend] [           main] .e.j.e.i.NormalizingIdentifierHelperImpl : Normalizing identifier quoting [id_difusion]
2026-05-05T02:24:59.221-04:00 TRACE 10252 --- [backend] [           main] .e.j.e.i.NormalizingIdentifierHelperImpl : Normalizing identifier quoting [id_difusion]
2026-05-05T02:24:59.221-04:00 DEBUG 10252 --- [backend] [           main] o.h.boot.model.internal.AnnotatedColumn  : Binding column: AnnotatedColumn(column='id_difusion')
2026-05-05T02:24:59.224-04:00 DEBUG 10252 --- [backend] [           main] o.h.boot.internal.ClassLoaderAccessImpl  : Not known whether passed class name [com.duoc.backend.Difusion.Difusion] is safe
2026-05-05T02:24:59.225-04:00 DEBUG 10252 --- [backend] [           main] o.h.boot.internal.ClassLoaderAccessImpl  : No temp ClassLoader provided; using live ClassLoader for loading potentially unsafe class : com.duoc.backend.Difusion.Difusion
2026-05-05T02:24:59.234-04:00 DEBUG 10252 --- [backend] [           main] o.h.boot.model.internal.PropertyBinder   : MetadataSourceProcessor property idDifusion with lazy=false
2026-05-05T02:24:59.247-04:00 DEBUG 10252 --- [backend] [onnection adder] com.zaxxer.hikari.pool.HikariPool        : HikariPool-1 - Added connection com.mysql.cj.jdbc.ConnectionImpl@3fb913ed
2026-05-05T02:24:59.248-04:00 DEBUG 10252 --- [backend] [           main] o.h.b.m.internal.AbstractPropertyHolder  : Attempting to locate auto-apply AttributeConverter for property [com.duoc.backend.Difusion.Difusion:idDifusion]
2026-05-05T02:24:59.256-04:00 DEBUG 10252 --- [backend] [           main] o.h.b.model.internal.BasicValueBinder    : building BasicValue for idDifusion
2026-05-05T02:24:59.261-04:00 DEBUG 10252 --- [backend] [           main] org.hibernate.mapping.BasicValue         : Skipping column re-registration: difusion.id_difusion
2026-05-05T02:24:59.263-04:00 TRACE 10252 --- [backend] [           main] .e.j.e.i.NormalizingIdentifierHelperImpl : Normalizing identifier quoting [id_difusion]
2026-05-05T02:24:59.263-04:00 DEBUG 10252 --- [backend] [           main] o.h.boot.model.internal.PropertyBinder   : Building property idDifusion
2026-05-05T02:24:59.264-04:00 TRACE 10252 --- [backend] [           main] o.h.boot.model.internal.PropertyBinder   : Cascading idDifusion with null
2026-05-05T02:24:59.269-04:00 DEBUG 10252 --- [backend] [           main] o.h.boot.model.internal.BinderHelper     : #makeIdGenerator(BasicValue([Column(id_difusion)]), idDifusion, identity, , ...)
2026-05-05T02:24:59.270-04:00 TRACE 10252 --- [backend] [           main] o.h.boot.model.internal.PropertyBinder   : Bind @Id on idDifusion
2026-05-05T02:24:59.271-04:00 TRACE 10252 --- [backend] [           main] o.h.boot.model.internal.PropertyBinder   : Processing annotations of com.duoc.backend.Difusion.Difusion.estado
2026-05-05T02:24:59.275-04:00 TRACE 10252 --- [backend] [           main] .e.j.e.i.NormalizingIdentifierHelperImpl : Normalizing identifier quoting [estado]
2026-05-05T02:24:59.275-04:00 TRACE 10252 --- [backend] [           main] .e.j.e.i.NormalizingIdentifierHelperImpl : Normalizing identifier quoting [estado]
2026-05-05T02:24:59.275-04:00 DEBUG 10252 --- [backend] [           main] o.h.boot.model.internal.AnnotatedColumn  : Binding column: AnnotatedColumn()
2026-05-05T02:24:59.275-04:00 DEBUG 10252 --- [backend] [           main] o.h.boot.model.internal.PropertyBinder   : MetadataSourceProcessor property estado with lazy=false
2026-05-05T02:24:59.276-04:00 DEBUG 10252 --- [backend] [           main] o.h.b.m.internal.AbstractPropertyHolder  : Attempting to locate auto-apply AttributeConverter for property [com.duoc.backend.Difusion.Difusion:estado]
2026-05-05T02:24:59.276-04:00 DEBUG 10252 --- [backend] [           main] o.h.b.model.internal.BasicValueBinder    : building BasicValue for estado
2026-05-05T02:24:59.276-04:00 DEBUG 10252 --- [backend] [           main] org.hibernate.mapping.BasicValue         : Skipping column re-registration: difusion.estado
2026-05-05T02:24:59.277-04:00 TRACE 10252 --- [backend] [           main] .e.j.e.i.NormalizingIdentifierHelperImpl : Normalizing identifier quoting [estado]
2026-05-05T02:24:59.277-04:00 TRACE 10252 --- [backend] [           main] .e.j.e.i.NormalizingIdentifierHelperImpl : Normalizing identifier quoting [estado]
2026-05-05T02:24:59.277-04:00 TRACE 10252 --- [backend] [           main] .e.j.e.i.NormalizingIdentifierHelperImpl : Normalizing identifier quoting [estado]
2026-05-05T02:24:59.277-04:00 DEBUG 10252 --- [backend] [           main] o.h.boot.model.internal.PropertyBinder   : Building property estado
2026-05-05T02:24:59.278-04:00 TRACE 10252 --- [backend] [           main] o.h.boot.model.internal.PropertyBinder   : Cascading estado with null
2026-05-05T02:24:59.278-04:00 TRACE 10252 --- [backend] [           main] o.h.boot.model.internal.PropertyBinder   : Processing annotations of com.duoc.backend.Difusion.Difusion.fechaPublicacion
2026-05-05T02:24:59.278-04:00 TRACE 10252 --- [backend] [           main] .e.j.e.i.NormalizingIdentifierHelperImpl : Normalizing identifier quoting [fecha_publicacion]
2026-05-05T02:24:59.279-04:00 TRACE 10252 --- [backend] [           main] .e.j.e.i.NormalizingIdentifierHelperImpl : Normalizing identifier quoting [fecha_publicacion]
2026-05-05T02:24:59.279-04:00 DEBUG 10252 --- [backend] [           main] o.h.boot.model.internal.AnnotatedColumn  : Binding column: AnnotatedColumn(column='fecha_publicacion')
2026-05-05T02:24:59.279-04:00 DEBUG 10252 --- [backend] [           main] o.h.boot.model.internal.PropertyBinder   : MetadataSourceProcessor property fechaPublicacion with lazy=false
2026-05-05T02:24:59.279-04:00 DEBUG 10252 --- [backend] [           main] o.h.b.m.internal.AbstractPropertyHolder  : Attempting to locate auto-apply AttributeConverter for property [com.duoc.backend.Difusion.Difusion:fechaPublicacion]
2026-05-05T02:24:59.280-04:00 DEBUG 10252 --- [backend] [           main] o.h.b.model.internal.BasicValueBinder    : building BasicValue for fechaPublicacion
2026-05-05T02:24:59.280-04:00 DEBUG 10252 --- [backend] [           main] org.hibernate.mapping.BasicValue         : Skipping column re-registration: difusion.fecha_publicacion
2026-05-05T02:24:59.280-04:00 TRACE 10252 --- [backend] [           main] .e.j.e.i.NormalizingIdentifierHelperImpl : Normalizing identifier quoting [fecha_publicacion]
2026-05-05T02:24:59.280-04:00 DEBUG 10252 --- [backend] [           main] o.h.boot.model.internal.PropertyBinder   : Building property fechaPublicacion
2026-05-05T02:24:59.280-04:00 TRACE 10252 --- [backend] [           main] o.h.boot.model.internal.PropertyBinder   : Cascading fechaPublicacion with null
2026-05-05T02:24:59.281-04:00 TRACE 10252 --- [backend] [           main] o.h.boot.model.internal.PropertyBinder   : Processing annotations of com.duoc.backend.Difusion.Difusion.idReporte
2026-05-05T02:24:59.281-04:00 TRACE 10252 --- [backend] [           main] .e.j.e.i.NormalizingIdentifierHelperImpl : Normalizing identifier quoting [id_reporte]
2026-05-05T02:24:59.281-04:00 TRACE 10252 --- [backend] [           main] .e.j.e.i.NormalizingIdentifierHelperImpl : Normalizing identifier quoting [id_reporte]
2026-05-05T02:24:59.281-04:00 DEBUG 10252 --- [backend] [           main] o.h.boot.model.internal.AnnotatedColumn  : Binding column: AnnotatedColumn(column='id_reporte')
2026-05-05T02:24:59.281-04:00 DEBUG 10252 --- [backend] [           main] o.h.boot.model.internal.PropertyBinder   : MetadataSourceProcessor property idReporte with lazy=false
2026-05-05T02:24:59.282-04:00 DEBUG 10252 --- [backend] [           main] o.h.b.m.internal.AbstractPropertyHolder  : Attempting to locate auto-apply AttributeConverter for property [com.duoc.backend.Difusion.Difusion:idReporte]
2026-05-05T02:24:59.283-04:00 DEBUG 10252 --- [backend] [           main] o.h.b.model.internal.BasicValueBinder    : building BasicValue for idReporte
2026-05-05T02:24:59.283-04:00 DEBUG 10252 --- [backend] [           main] org.hibernate.mapping.BasicValue         : Skipping column re-registration: difusion.id_reporte
2026-05-05T02:24:59.283-04:00 TRACE 10252 --- [backend] [           main] .e.j.e.i.NormalizingIdentifierHelperImpl : Normalizing identifier quoting [id_reporte]
2026-05-05T02:24:59.283-04:00 DEBUG 10252 --- [backend] [           main] o.h.boot.model.internal.PropertyBinder   : Building property idReporte
2026-05-05T02:24:59.283-04:00 TRACE 10252 --- [backend] [           main] o.h.boot.model.internal.PropertyBinder   : Cascading idReporte with null
2026-05-05T02:24:59.283-04:00 TRACE 10252 --- [backend] [           main] o.h.boot.model.internal.PropertyBinder   : Processing annotations of com.duoc.backend.Difusion.Difusion.plataforma
2026-05-05T02:24:59.283-04:00 TRACE 10252 --- [backend] [           main] .e.j.e.i.NormalizingIdentifierHelperImpl : Normalizing identifier quoting [plataforma]
2026-05-05T02:24:59.283-04:00 TRACE 10252 --- [backend] [           main] .e.j.e.i.NormalizingIdentifierHelperImpl : Normalizing identifier quoting [plataforma]
2026-05-05T02:24:59.284-04:00 DEBUG 10252 --- [backend] [           main] o.h.boot.model.internal.AnnotatedColumn  : Binding column: AnnotatedColumn()
2026-05-05T02:24:59.284-04:00 DEBUG 10252 --- [backend] [           main] o.h.boot.model.internal.PropertyBinder   : MetadataSourceProcessor property plataforma with lazy=false
2026-05-05T02:24:59.284-04:00 DEBUG 10252 --- [backend] [           main] o.h.b.m.internal.AbstractPropertyHolder  : Attempting to locate auto-apply AttributeConverter for property [com.duoc.backend.Difusion.Difusion:plataforma]
2026-05-05T02:24:59.284-04:00 DEBUG 10252 --- [backend] [           main] o.h.b.model.internal.BasicValueBinder    : building BasicValue for plataforma
2026-05-05T02:24:59.285-04:00 DEBUG 10252 --- [backend] [           main] org.hibernate.mapping.BasicValue         : Skipping column re-registration: difusion.plataforma
2026-05-05T02:24:59.285-04:00 TRACE 10252 --- [backend] [           main] .e.j.e.i.NormalizingIdentifierHelperImpl : Normalizing identifier quoting [plataforma]
2026-05-05T02:24:59.285-04:00 TRACE 10252 --- [backend] [           main] .e.j.e.i.NormalizingIdentifierHelperImpl : Normalizing identifier quoting [plataforma]
2026-05-05T02:24:59.285-04:00 TRACE 10252 --- [backend] [           main] .e.j.e.i.NormalizingIdentifierHelperImpl : Normalizing identifier quoting [plataforma]
2026-05-05T02:24:59.285-04:00 DEBUG 10252 --- [backend] [           main] o.h.boot.model.internal.PropertyBinder   : Building property plataforma
2026-05-05T02:24:59.286-04:00 TRACE 10252 --- [backend] [           main] o.h.boot.model.internal.PropertyBinder   : Cascading plataforma with null
2026-05-05T02:24:59.286-04:00 TRACE 10252 --- [backend] [           main] o.h.boot.model.internal.PropertyBinder   : Processing annotations of com.duoc.backend.Difusion.Difusion.urlPublicacion
2026-05-05T02:24:59.286-04:00 TRACE 10252 --- [backend] [           main] .e.j.e.i.NormalizingIdentifierHelperImpl : Normalizing identifier quoting [url_publicacion]
[...]
	at org.apache.maven.surefire.junitplatform.JUnitPlatformProvider.execute(JUnitPlatformProvider.java:184) ~[surefire-junit-platform-3.5.2.jar:3.5.2]
	at org.apache.maven.surefire.junitplatform.JUnitPlatformProvider.invokeAllTests(JUnitPlatformProvider.java:148) ~[surefire-junit-platform-3.5.2.jar:3.5.2]
	at org.apache.maven.surefire.junitplatform.JUnitPlatformProvider.invoke(JUnitPlatformProvider.java:122) ~[surefire-junit-platform-3.5.2.jar:3.5.2]
	at org.apache.maven.surefire.booter.ForkedBooter.runSuitesInProcess(ForkedBooter.java:385) ~[surefire-booter-3.5.2.jar:3.5.2]
	at org.apache.maven.surefire.booter.ForkedBooter.execute(ForkedBooter.java:162) ~[surefire-booter-3.5.2.jar:3.5.2]
	at org.apache.maven.surefire.booter.ForkedBooter.run(ForkedBooter.java:507) ~[surefire-booter-3.5.2.jar:3.5.2]
	at org.apache.maven.surefire.booter.ForkedBooter.main(ForkedBooter.java:495) ~[surefire-booter-3.5.2.jar:3.5.2]

2026-05-05T02:25:01.153-04:00 TRACE 10252 --- [backend] [           main] org.hibernate.internal.SessionImpl       : Closing session [24b1050c-8539-45bc-8f7f-b10daa7d18c7]
2026-05-05T02:25:01.153-04:00 TRACE 10252 --- [backend] [           main] o.h.e.jdbc.internal.JdbcCoordinatorImpl  : Closing JDBC container [org.hibernate.engine.jdbc.internal.JdbcCoordinatorImpl@56017274]
2026-05-05T02:25:01.153-04:00 TRACE 10252 --- [backend] [           main] o.h.r.j.i.ResourceRegistryStandardImpl   : Releasing JDBC resources
2026-05-05T02:25:01.153-04:00 TRACE 10252 --- [backend] [           main] o.h.r.j.i.LogicalConnectionManagedImpl   : Closing logical connection
2026-05-05T02:25:01.153-04:00 TRACE 10252 --- [backend] [           main] o.h.r.j.i.LogicalConnectionManagedImpl   : Logical connection closed
2026-05-05T02:25:01.153-04:00 TRACE 10252 --- [backend] [           main] .i.SessionFactoryImpl$SessionBuilderImpl : Opening Hibernate Session.  tenant=null
2026-05-05T02:25:01.154-04:00 TRACE 10252 --- [backend] [           main] org.hibernate.internal.SessionImpl       : Opened Session [433c90f5-9288-4f9b-a876-a05b07f26346] at timestamp: 1777962301154
2026-05-05T02:25:01.154-04:00 TRACE 10252 --- [backend] [           main] org.hibernate.internal.SessionImpl       : Closing session [433c90f5-9288-4f9b-a876-a05b07f26346]
2026-05-05T02:25:01.154-04:00 TRACE 10252 --- [backend] [           main] o.h.e.jdbc.internal.JdbcCoordinatorImpl  : Closing JDBC container [org.hibernate.engine.jdbc.internal.JdbcCoordinatorImpl@2bf0bb93]
2026-05-05T02:25:01.154-04:00 TRACE 10252 --- [backend] [           main] o.h.r.j.i.ResourceRegistryStandardImpl   : Releasing JDBC resources
2026-05-05T02:25:01.154-04:00 TRACE 10252 --- [backend] [           main] o.h.r.j.i.LogicalConnectionManagedImpl   : Closing logical connection
2026-05-05T02:25:01.154-04:00 TRACE 10252 --- [backend] [           main] o.h.r.j.i.LogicalConnectionManagedImpl   : Logical connection closed
2026-05-05T02:25:01.234-04:00  WARN 10252 --- [backend] [           main] JpaBaseConfiguration$JpaWebConfiguration : spring.jpa.open-in-view is enabled by default. Therefore, database queries may be performed during view rendering. Explicitly configure spring.jpa.open-in-view to disable this warning
2026-05-05T02:25:01.293-04:00  INFO 10252 --- [backend] [           main] r$InitializeUserDetailsManagerConfigurer : Global AuthenticationManager configured with UserDetailsService bean with name myUserDetailsService
2026-05-05T02:25:01.530-04:00 TRACE 10252 --- [backend] [           main] s.w.s.m.m.a.RequestMappingHandlerMapping : 
	c.d.b.D.DifusionController:
	{GET [/difusion/{id}]}: obtenerDifusionPorId(Long)
	{DELETE [/difusion/{id}]}: eliminarDifusion(Long)
	{POST [/difusion]}: guardarDifusion(Difusion)
	{GET [/difusion]}: obtenerDifusiones()
	{PUT [/difusion/{id}]}: actualizarDifusion(Long,Difusion)
2026-05-05T02:25:01.538-04:00 TRACE 10252 --- [backend] [           main] s.w.s.m.m.a.RequestMappingHandlerMapping : 
	c.d.b.LoginController:
	{POST [/login]}: login(String,String)
2026-05-05T02:25:01.539-04:00 TRACE 10252 --- [backend] [           main] s.w.s.m.m.a.RequestMappingHandlerMapping : 
	c.d.b.SecuredController:
	{ [/greetings]}: greetings(String)
2026-05-05T02:25:01.549-04:00 TRACE 10252 --- [backend] [           main] s.w.s.m.m.a.RequestMappingHandlerMapping : 
	o.s.b.a.w.s.e.BasicErrorController:
	{ [/error]}: error(HttpServletRequest)
	{ [/error], produces [text/html]}: errorHtml(HttpServletRequest,HttpServletResponse)
2026-05-05T02:25:01.554-04:00 DEBUG 10252 --- [backend] [           main] s.w.s.m.m.a.RequestMappingHandlerMapping : 9 mappings in 'requestMappingHandlerMapping'
2026-05-05T02:25:01.566-04:00 DEBUG 10252 --- [backend] [           main] o.s.w.s.h.BeanNameUrlHandlerMapping      : Detected 0 mappings in 'beanNameHandlerMapping'
2026-05-05T02:25:01.732-04:00 TRACE 10252 --- [backend] [           main] o.s.w.s.f.support.RouterFunctionMapping  : 0 RouterFunction(s) in 'routerFunctionMapping'
2026-05-05T02:25:01.758-04:00 TRACE 10252 --- [backend] [           main] o.s.w.s.handler.SimpleUrlHandlerMapping  : Mapped [/webjars/**] onto ResourceHttpRequestHandler [classpath [META-INF/resources/webjars/]]
2026-05-05T02:25:01.759-04:00 TRACE 10252 --- [backend] [           main] o.s.w.s.handler.SimpleUrlHandlerMapping  : Mapped [/**] onto ResourceHttpRequestHandler [classpath [META-INF/resources/], classpath [resources/], classpath [static/], classpath [public/], ServletContext [/]]
2026-05-05T02:25:01.759-04:00 DEBUG 10252 --- [backend] [           main] o.s.w.s.handler.SimpleUrlHandlerMapping  : Patterns [/webjars/**, /**] in 'resourceHandlerMapping'
2026-05-05T02:25:02.071-04:00 DEBUG 10252 --- [backend] [           main] s.w.s.m.m.a.RequestMappingHandlerAdapter : ControllerAdvice beans: 0 @ModelAttribute, 0 @InitBinder, 1 RequestBodyAdvice, 1 ResponseBodyAdvice
2026-05-05T02:25:02.133-04:00 DEBUG 10252 --- [backend] [           main] .m.m.a.ExceptionHandlerExceptionResolver : ControllerAdvice beans: 0 @ExceptionHandler, 1 ResponseBodyAdvice
2026-05-05T02:25:02.292-04:00 TRACE 10252 --- [backend] [           main] o.s.w.c.s.GenericWebApplicationContext   : Using LifecycleProcessor [org.springframework.context.support.DefaultLifecycleProcessor@18487f92]
2026-05-05T02:25:02.307-04:00  INFO 10252 --- [backend] [           main] c.duoc.backend.BackendApplicationTests   : Started BackendApplicationTests in 7.466 seconds (process running for 8.981)
2026-05-05T02:25:03.079-04:00 TRACE 10252 --- [backend] [           main] .i.SessionFactoryImpl$SessionBuilderImpl : Opening Hibernate Session.  tenant=null
2026-05-05T02:25:03.080-04:00 TRACE 10252 --- [backend] [           main] org.hibernate.internal.SessionImpl       : Opened Session [bcd9e98b-95fa-4924-a300-6359c5339cfd] at timestamp: 1777962303080
2026-05-05T02:25:03.083-04:00 DEBUG 10252 --- [backend] [           main] o.h.e.t.internal.TransactionImpl         : On TransactionImpl creation, JpaCompliance#isJpaTransactionComplianceEnabled == false
2026-05-05T02:25:03.083-04:00 DEBUG 10252 --- [backend] [           main] o.h.e.t.internal.TransactionImpl         : begin
2026-05-05T02:25:03.086-04:00 TRACE 10252 --- [backend] [           main] j.i.AbstractLogicalConnectionImplementor : Preparing to begin transaction via JDBC Connection.setAutoCommit(false)
2026-05-05T02:25:03.087-04:00 TRACE 10252 --- [backend] [           main] j.i.AbstractLogicalConnectionImplementor : Transaction begun via JDBC Connection.setAutoCommit(false)
2026-05-05T02:25:03.087-04:00 TRACE 10252 --- [backend] [           main] cResourceLocalTransactionCoordinatorImpl : ResourceLocalTransactionCoordinatorImpl#afterBeginCallback
2026-05-05T02:25:03.099-04:00 DEBUG 10252 --- [backend] [           main] o.h.j.internal.PersistenceUnitUtilImpl   : jakarta.persistence.PersistenceUnitUtil.getIdentifier is only intended to work with enhanced entities (although Hibernate also adapts this support to its proxies); however the passed entity was not enhanced (nor a proxy).. may not be able to read identifier
2026-05-05T02:25:03.108-04:00 TRACE 10252 --- [backend] [           main] o.hibernate.event.internal.EntityState   : Transient instance of: com.duoc.backend.Difusion.Difusion
2026-05-05T02:25:03.108-04:00 TRACE 10252 --- [backend] [           main] o.h.e.i.DefaultPersistEventListener      : Saving transient instance
2026-05-05T02:25:03.111-04:00 TRACE 10252 --- [backend] [           main] o.h.e.i.AbstractSaveEventListener        : Saving [com.duoc.backend.Difusion.Difusion#<null>]
2026-05-05T02:25:03.119-04:00 TRACE 10252 --- [backend] [           main] org.hibernate.engine.spi.ActionQueue     : Adding an EntityIdentityInsertAction for [com.duoc.backend.Difusion.Difusion] object
2026-05-05T02:25:03.119-04:00 TRACE 10252 --- [backend] [           main] org.hibernate.engine.spi.ActionQueue     : Executing inserts before finding non-nullable transient entities for early insert: [EntityIdentityInsertAction[com.duoc.backend.Difusion.Difusion#<null>]]
2026-05-05T02:25:03.121-04:00 TRACE 10252 --- [backend] [           main] org.hibernate.engine.spi.ActionQueue     : Adding insert with no non-nullable, transient entities: [EntityIdentityInsertAction[com.duoc.backend.Difusion.Difusion#<null>]]
2026-05-05T02:25:03.121-04:00 TRACE 10252 --- [backend] [           main] org.hibernate.engine.spi.ActionQueue     : Executing insertions before resolved early-insert
2026-05-05T02:25:03.121-04:00 DEBUG 10252 --- [backend] [           main] org.hibernate.engine.spi.ActionQueue     : Executing identity-insert immediately
2026-05-05T02:25:03.131-04:00 DEBUG 10252 --- [backend] [           main] org.hibernate.SQL                        : insert into difusion (estado,fecha_publicacion,id_reporte,plataforma,url_publicacion) values (?,?,?,?,?)
2026-05-05T02:25:03.140-04:00 TRACE 10252 --- [backend] [           main] o.h.r.j.i.ResourceRegistryStandardImpl   : Registering statement [HikariProxyPreparedStatement@961312738 wrapping com.mysql.cj.jdbc.ClientPreparedStatement: insert into difusion (estado,fecha_publicacion,id_reporte,plataforma,url_publicacion) values (** NOT SPECIFIED **,** NOT SPECIFIED **,** NOT SPECIFIED **,** NOT SPECIFIED **,** NOT SPECIFIED **)]
2026-05-05T02:25:03.140-04:00 TRACE 10252 --- [backend] [           main] o.h.r.j.i.ResourceRegistryStandardImpl   : Registering result set [null]
2026-05-05T02:25:03.141-04:00 TRACE 10252 --- [backend] [           main] org.hibernate.orm.jdbc.bind              : binding parameter (1:VARCHAR) <- [PENDIENTE]
2026-05-05T02:25:03.141-04:00 TRACE 10252 --- [backend] [           main] org.hibernate.orm.jdbc.bind              : binding parameter (2:TIMESTAMP) <- [null]
2026-05-05T02:25:03.141-04:00 TRACE 10252 --- [backend] [           main] org.hibernate.orm.jdbc.bind              : binding parameter (3:BIGINT) <- [1]
2026-05-05T02:25:03.142-04:00 TRACE 10252 --- [backend] [           main] org.hibernate.orm.jdbc.bind              : binding parameter (4:VARCHAR) <- [FACEBOOK]
2026-05-05T02:25:03.142-04:00 TRACE 10252 --- [backend] [           main] org.hibernate.orm.jdbc.bind              : binding parameter (5:VARCHAR) <- [null]
2026-05-05T02:25:03.151-04:00 TRACE 10252 --- [backend] [           main] o.h.r.j.i.ResourceRegistryStandardImpl   : Registering result set [HikariProxyResultSet@1752227897 wrapping com.mysql.cj.jdbc.result.ResultSetImpl@42599b84]
2026-05-05T02:25:03.169-04:00 DEBUG 10252 --- [backend] [           main] org.hibernate.orm.results                : Initializer list is empty
2026-05-05T02:25:03.182-04:00 TRACE 10252 --- [backend] [           main] org.hibernate.orm.jdbc.extract           : extracted value (1:BIGINT) -> [3]
2026-05-05T02:25:03.183-04:00 TRACE 10252 --- [backend] [           main] o.h.r.j.i.ResourceRegistryStandardImpl   : Releasing result set [HikariProxyResultSet@1752227897 wrapping com.mysql.cj.jdbc.result.ResultSetImpl@42599b84]
2026-05-05T02:25:03.183-04:00 TRACE 10252 --- [backend] [           main] o.h.r.j.i.ResourceRegistryStandardImpl   : Closing result set [HikariProxyResultSet@1752227897 wrapping com.mysql.cj.jdbc.result.ResultSetImpl@42599b84]
2026-05-05T02:25:03.183-04:00 TRACE 10252 --- [backend] [           main] o.h.e.i.StatefulPersistenceContext       : Initializing non-lazy collections
2026-05-05T02:25:03.184-04:00 DEBUG 10252 --- [backend] [           main] o.h.id.IdentifierGeneratorHelper         : Extracted generated values [com.duoc.backend.Difusion.Difusion]: [Ljava.lang.Object;@9d4d221
2026-05-05T02:25:03.184-04:00 TRACE 10252 --- [backend] [           main] o.h.r.j.i.ResourceRegistryStandardImpl   : Releasing result set [HikariProxyResultSet@1752227897 wrapping Result set representing update count of -1]
2026-05-05T02:25:03.184-04:00 TRACE 10252 --- [backend] [           main] o.h.r.j.i.ResourceRegistryStandardImpl   : Closing result set [HikariProxyResultSet@1752227897 wrapping Result set representing update count of -1]
2026-05-05T02:25:03.184-04:00 TRACE 10252 --- [backend] [           main] o.h.r.j.i.ResourceRegistryStandardImpl   : Releasing statement [HikariProxyPreparedStatement@961312738 wrapping com.mysql.cj.jdbc.ClientPreparedStatement: insert into difusion (estado,fecha_publicacion,id_reporte,plataforma,url_publicacion) values ('PENDIENTE',NULL,1,'FACEBOOK',NULL)]
2026-05-05T02:25:03.184-04:00 TRACE 10252 --- [backend] [           main] o.h.r.j.i.ResourceRegistryStandardImpl   : Closing result set [null]
2026-05-05T02:25:03.185-04:00 TRACE 10252 --- [backend] [           main] o.h.r.j.i.ResourceRegistryStandardImpl   : Closing prepared statement [HikariProxyPreparedStatement@961312738 wrapping com.mysql.cj.jdbc.ClientPreparedStatement: insert into difusion (estado,fecha_publicacion,id_reporte,plataforma,url_publicacion) values ('PENDIENTE',NULL,1,'FACEBOOK',NULL)]
2026-05-05T02:25:03.185-04:00 TRACE 10252 --- [backend] [           main] o.h.e.jdbc.internal.JdbcCoordinatorImpl  : Starting after statement execution processing [ON_CLOSE]
2026-05-05T02:25:03.191-04:00 DEBUG 10252 --- [backend] [           main] o.h.e.t.internal.TransactionImpl         : committing
2026-05-05T02:25:03.192-04:00 TRACE 10252 --- [backend] [           main] cResourceLocalTransactionCoordinatorImpl : ResourceLocalTransactionCoordinatorImpl#beforeCompletionCallback
2026-05-05T02:25:03.192-04:00 TRACE 10252 --- [backend] [           main] org.hibernate.internal.SessionImpl       : SessionImpl#beforeTransactionCompletion()
2026-05-05T02:25:03.192-04:00 TRACE 10252 --- [backend] [           main] org.hibernate.internal.SessionImpl       : Automatically flushing session
2026-05-05T02:25:03.192-04:00 TRACE 10252 --- [backend] [           main] o.h.e.i.AbstractFlushingEventListener    : Flushing session
2026-05-05T02:25:03.193-04:00 DEBUG 10252 --- [backend] [           main] o.h.e.i.AbstractFlushingEventListener    : Processing flush-time cascades
2026-05-05T02:25:03.194-04:00 TRACE 10252 --- [backend] [           main] org.hibernate.engine.internal.Cascade    : Processing cascade ACTION_CHECK_ON_FLUSH for: com.duoc.backend.Difusion.Difusion
2026-05-05T02:25:03.194-04:00 TRACE 10252 --- [backend] [           main] org.hibernate.engine.internal.Cascade    : Done processing cascade ACTION_CHECK_ON_FLUSH for: com.duoc.backend.Difusion.Difusion
2026-05-05T02:25:03.194-04:00 DEBUG 10252 --- [backend] [           main] o.h.e.i.AbstractFlushingEventListener    : Dirty checking collections
2026-05-05T02:25:03.194-04:00 TRACE 10252 --- [backend] [           main] o.h.e.i.AbstractFlushingEventListener    : Flushing entities and processing referenced collections
2026-05-05T02:25:03.197-04:00 TRACE 10252 --- [backend] [           main] o.h.e.i.AbstractFlushingEventListener    : Processing unreferenced collections
2026-05-05T02:25:03.197-04:00 TRACE 10252 --- [backend] [           main] o.h.e.i.AbstractFlushingEventListener    : Scheduling collection removes/(re)creates/updates
2026-05-05T02:25:03.200-04:00 DEBUG 10252 --- [backend] [           main] o.h.e.i.AbstractFlushingEventListener    : Flushed: 0 insertions, 0 updates, 0 deletions to 1 objects
2026-05-05T02:25:03.200-04:00 DEBUG 10252 --- [backend] [           main] o.h.e.i.AbstractFlushingEventListener    : Flushed: 0 (re)creations, 0 updates, 0 removals to 0 collections
2026-05-05T02:25:03.201-04:00 DEBUG 10252 --- [backend] [           main] o.hibernate.internal.util.EntityPrinter  : Listing entities:
2026-05-05T02:25:03.201-04:00 DEBUG 10252 --- [backend] [           main] o.hibernate.internal.util.EntityPrinter  : com.duoc.backend.Difusion.Difusion{estado=PENDIENTE, plataforma=FACEBOOK, idDifusion=3, idReporte=1, urlPublicacion=null, fechaPublicacion=null}
2026-05-05T02:25:03.201-04:00 TRACE 10252 --- [backend] [           main] o.h.e.i.AbstractFlushingEventListener    : Executing flush
2026-05-05T02:25:03.201-04:00 TRACE 10252 --- [backend] [           main] o.h.e.jdbc.internal.JdbcCoordinatorImpl  : Starting after statement execution processing [ON_CLOSE]
2026-05-05T02:25:03.202-04:00 TRACE 10252 --- [backend] [           main] o.h.e.i.AbstractFlushingEventListener    : Post flush
2026-05-05T02:25:03.203-04:00 TRACE 10252 --- [backend] [           main] j.i.AbstractLogicalConnectionImplementor : LogicalConnection#beforeTransactionCompletion
2026-05-05T02:25:03.203-04:00 TRACE 10252 --- [backend] [           main] .t.i.SynchronizationRegistryStandardImpl : SynchronizationRegistryStandardImpl.notifySynchronizationsBeforeTransactionCompletion
2026-05-05T02:25:03.203-04:00 TRACE 10252 --- [backend] [           main] j.i.AbstractLogicalConnectionImplementor : Preparing to commit transaction via JDBC Connection.commit()
2026-05-05T02:25:03.210-04:00 TRACE 10252 --- [backend] [           main] j.i.AbstractLogicalConnectionImplementor : Transaction committed via JDBC Connection.commit()
2026-05-05T02:25:03.210-04:00 TRACE 10252 --- [backend] [           main] j.i.AbstractLogicalConnectionImplementor : re-enabling auto-commit on JDBC Connection after completion of JDBC-based transaction
2026-05-05T02:25:03.212-04:00 TRACE 10252 --- [backend] [           main] j.i.AbstractLogicalConnectionImplementor : LogicalConnection#afterTransaction
2026-05-05T02:25:03.212-04:00 TRACE 10252 --- [backend] [           main] o.h.r.j.i.ResourceRegistryStandardImpl   : Releasing JDBC resources
2026-05-05T02:25:03.212-04:00 TRACE 10252 --- [backend] [           main] cResourceLocalTransactionCoordinatorImpl : ResourceLocalTransactionCoordinatorImpl#afterCompletionCallback(true)
2026-05-05T02:25:03.212-04:00 TRACE 10252 --- [backend] [           main] .t.i.SynchronizationRegistryStandardImpl : SynchronizationRegistryStandardImpl.notifySynchronizationsAfterTransactionCompletion(3)
2026-05-05T02:25:03.213-04:00 TRACE 10252 --- [backend] [           main] org.hibernate.internal.SessionImpl       : SessionImpl#afterTransactionCompletion(successful=true, delayed=false)
2026-05-05T02:25:03.214-04:00 TRACE 10252 --- [backend] [           main] org.hibernate.internal.SessionImpl       : Closing session [bcd9e98b-95fa-4924-a300-6359c5339cfd]
2026-05-05T02:25:03.214-04:00 TRACE 10252 --- [backend] [           main] o.h.e.jdbc.internal.JdbcCoordinatorImpl  : Closing JDBC container [org.hibernate.engine.jdbc.internal.JdbcCoordinatorImpl@4203190]
2026-05-05T02:25:03.214-04:00 TRACE 10252 --- [backend] [           main] o.h.r.j.i.ResourceRegistryStandardImpl   : Releasing JDBC resources
2026-05-05T02:25:03.214-04:00 TRACE 10252 --- [backend] [           main] o.h.r.j.i.LogicalConnectionManagedImpl   : Closing logical connection
2026-05-05T02:25:03.214-04:00 TRACE 10252 --- [backend] [           main] o.h.r.j.i.ResourceRegistryStandardImpl   : Releasing JDBC resources
2026-05-05T02:25:03.214-04:00 TRACE 10252 --- [backend] [           main] o.h.r.j.i.LogicalConnectionManagedImpl   : Logical connection closed
]]></system-out>
  </testcase>
  <testcase name="contextLoads" classname="com.duoc.backend.BackendApplicationTests" time="0.006"/>
</testsuite>